2020-09-09 19:52:20 Notice: Notice (8): Undefined variable: articles in [C:\Ampps39\www\420-5b7\tests\section_2\cakecmstuto_v0_2_1\src\Controller\ArticlesController.php, line 40]
Request URL: /articles/view/first-post
Referer URL: http://localhost/420-5b7/tests/section_2/cakecmstuto_v0_2_1/articles
Client IP: 127.0.0.1
Trace:
Cake\Error\BaseErrorHandler::handleError() - CORE\src\Error\BaseErrorHandler.php, line 168
Cake\Core\BasePlugin::{closure}() - ROOT\vendor\cakephp\debug_kit\config\bootstrap.php, line 43
App\Controller\ArticlesController::view() - APP/Controller\ArticlesController.php, line 40
Cake\Controller\Controller::invokeAction() - CORE\src\Controller\Controller.php, line 606
Cake\Http\ActionDispatcher::_invoke() - CORE\src\Http\ActionDispatcher.php, line 120
Cake\Http\ActionDispatcher::dispatch() - CORE\src\Http\ActionDispatcher.php, line 94
Cake\Http\BaseApplication::__invoke() - CORE\src\Http\BaseApplication.php, line 256
Cake\Http\Runner::__invoke() - CORE\src\Http\Runner.php, line 65
Cake\Http\Runner::__invoke() - CORE\src\Http\Runner.php, line 65
Cake\Http\Middleware\CsrfProtectionMiddleware::__invoke() - CORE\src\Http\Middleware\CsrfProtectionMiddleware.php, line 124
Cake\Http\Runner::__invoke() - CORE\src\Http\Runner.php, line 65
Cake\Http\Runner::run() - CORE\src\Http\Runner.php, line 51
Cake\Routing\Middleware\RoutingMiddleware::__invoke() - CORE\src\Routing\Middleware\RoutingMiddleware.php, line 170
Cake\Http\Runner::__invoke() - CORE\src\Http\Runner.php, line 65
Cake\Routing\Middleware\AssetMiddleware::__invoke() - CORE\src\Routing\Middleware\AssetMiddleware.php, line 88
Cake\Http\Runner::__invoke() - CORE\src\Http\Runner.php, line 65
Cake\Error\Middleware\ErrorHandlerMiddleware::__invoke() - CORE\src\Error\Middleware\ErrorHandlerMiddleware.php, line 96
Cake\Http\Runner::__invoke() - CORE\src\Http\Runner.php, line 65
DebugKit\Middleware\DebugKitMiddleware::__invoke() - ROOT\vendor\cakephp\debug_kit\src\Middleware\DebugKitMiddleware.php, line 53
Cake\Http\Runner::__invoke() - CORE\src\Http\Runner.php, line 65
Cake\Http\Runner::run() - CORE\src\Http\Runner.php, line 51
Cake\Http\Server::run() - CORE\src\Http\Server.php, line 97
[main] - ROOT\webroot\index.php, line 40



2020-09-09 20:14:03 Notice: Notice (8): Undefined variable: comments in [C:\Ampps39\www\420-5b7\tests\section_2\cakecmstuto_v0_2_1\src\Template\Articles\view.ctp, line 25]
Request URL: /articles/view/first-pos
Client IP: 127.0.0.1
Trace:
Cake\Error\BaseErrorHandler::handleError() - CORE\src\Error\BaseErrorHandler.php, line 168
Cake\Core\BasePlugin::{closure}() - ROOT\vendor\cakephp\debug_kit\config\bootstrap.php, line 43
include - APP/Template\Articles\view.ctp, line 25
Cake\View\View::_evaluate() - CORE\src\View\View.php, line 1435
Cake\View\View::_render() - CORE\src\View\View.php, line 1393
Cake\View\View::render() - CORE\src\View\View.php, line 892
Cake\Controller\Controller::render() - CORE\src\Controller\Controller.php, line 791
Cake\Http\ActionDispatcher::_invoke() - CORE\src\Http\ActionDispatcher.php, line 126
Cake\Http\ActionDispatcher::dispatch() - CORE\src\Http\ActionDispatcher.php, line 94
Cake\Http\BaseApplication::__invoke() - CORE\src\Http\BaseApplication.php, line 256
Cake\Http\Runner::__invoke() - CORE\src\Http\Runner.php, line 65
Cake\Http\Runner::__invoke() - CORE\src\Http\Runner.php, line 65
Cake\Http\Middleware\CsrfProtectionMiddleware::__invoke() - CORE\src\Http\Middleware\CsrfProtectionMiddleware.php, line 124
Cake\Http\Runner::__invoke() - CORE\src\Http\Runner.php, line 65
Cake\Http\Runner::run() - CORE\src\Http\Runner.php, line 51
Cake\Routing\Middleware\RoutingMiddleware::__invoke() - CORE\src\Routing\Middleware\RoutingMiddleware.php, line 170
Cake\Http\Runner::__invoke() - CORE\src\Http\Runner.php, line 65
Cake\Routing\Middleware\AssetMiddleware::__invoke() - CORE\src\Routing\Middleware\AssetMiddleware.php, line 88
Cake\Http\Runner::__invoke() - CORE\src\Http\Runner.php, line 65
Cake\Error\Middleware\ErrorHandlerMiddleware::__invoke() - CORE\src\Error\Middleware\ErrorHandlerMiddleware.php, line 96
Cake\Http\Runner::__invoke() - CORE\src\Http\Runner.php, line 65
DebugKit\Middleware\DebugKitMiddleware::__invoke() - ROOT\vendor\cakephp\debug_kit\src\Middleware\DebugKitMiddleware.php, line 53
Cake\Http\Runner::__invoke() - CORE\src\Http\Runner.php, line 65
Cake\Http\Runner::run() - CORE\src\Http\Runner.php, line 51
Cake\Http\Server::run() - CORE\src\Http\Server.php, line 97
[main] - ROOT\webroot\index.php, line 40



2020-09-09 20:35:43 Notice: Notice (8): Undefined property: Cake\ORM\Query::$title in [C:\Ampps39\www\420-5b7\tests\section_2\cakecmstuto_v0_2_1\src\Template\Articles\view.ctp, line 3]
Request URL: /articles/view/first-post
Referer URL: http://localhost/420-5b7/tests/section_2/cakecmstuto_v0_2_1/articles
Client IP: 127.0.0.1
Trace:
Cake\Error\BaseErrorHandler::handleError() - CORE\src\Error\BaseErrorHandler.php, line 168
Cake\Core\BasePlugin::{closure}() - ROOT\vendor\cakephp\debug_kit\config\bootstrap.php, line 43
include - APP/Template\Articles\view.ctp, line 3
Cake\View\View::_evaluate() - CORE\src\View\View.php, line 1435
Cake\View\View::_render() - CORE\src\View\View.php, line 1393
Cake\View\View::render() - CORE\src\View\View.php, line 892
Cake\Controller\Controller::render() - CORE\src\Controller\Controller.php, line 791
Cake\Http\ActionDispatcher::_invoke() - CORE\src\Http\ActionDispatcher.php, line 126
Cake\Http\ActionDispatcher::dispatch() - CORE\src\Http\ActionDispatcher.php, line 94
Cake\Http\BaseApplication::__invoke() - CORE\src\Http\BaseApplication.php, line 256
Cake\Http\Runner::__invoke() - CORE\src\Http\Runner.php, line 65
Cake\Http\Runner::__invoke() - CORE\src\Http\Runner.php, line 65
Cake\Http\Middleware\CsrfProtectionMiddleware::__invoke() - CORE\src\Http\Middleware\CsrfProtectionMiddleware.php, line 124
Cake\Http\Runner::__invoke() - CORE\src\Http\Runner.php, line 65
Cake\Http\Runner::run() - CORE\src\Http\Runner.php, line 51
Cake\Routing\Middleware\RoutingMiddleware::__invoke() - CORE\src\Routing\Middleware\RoutingMiddleware.php, line 170
Cake\Http\Runner::__invoke() - CORE\src\Http\Runner.php, line 65
Cake\Routing\Middleware\AssetMiddleware::__invoke() - CORE\src\Routing\Middleware\AssetMiddleware.php, line 88
Cake\Http\Runner::__invoke() - CORE\src\Http\Runner.php, line 65
Cake\Error\Middleware\ErrorHandlerMiddleware::__invoke() - CORE\src\Error\Middleware\ErrorHandlerMiddleware.php, line 96
Cake\Http\Runner::__invoke() - CORE\src\Http\Runner.php, line 65
DebugKit\Middleware\DebugKitMiddleware::__invoke() - ROOT\vendor\cakephp\debug_kit\src\Middleware\DebugKitMiddleware.php, line 53
Cake\Http\Runner::__invoke() - CORE\src\Http\Runner.php, line 65
Cake\Http\Runner::run() - CORE\src\Http\Runner.php, line 51
Cake\Http\Server::run() - CORE\src\Http\Server.php, line 97
[main] - ROOT\webroot\index.php, line 40



2020-09-09 20:35:43 Notice: Notice (8): Undefined property: Cake\ORM\Query::$body in [C:\Ampps39\www\420-5b7\tests\section_2\cakecmstuto_v0_2_1\src\Template\Articles\view.ctp, line 4]
Request URL: /articles/view/first-post
Referer URL: http://localhost/420-5b7/tests/section_2/cakecmstuto_v0_2_1/articles
Client IP: 127.0.0.1
Trace:
Cake\Error\BaseErrorHandler::handleError() - CORE\src\Error\BaseErrorHandler.php, line 168
include - APP/Template\Articles\view.ctp, line 4
Cake\View\View::_evaluate() - CORE\src\View\View.php, line 1435
Cake\View\View::_render() - CORE\src\View\View.php, line 1393
Cake\View\View::render() - CORE\src\View\View.php, line 892
Cake\Controller\Controller::render() - CORE\src\Controller\Controller.php, line 791
Cake\Http\ActionDispatcher::_invoke() - CORE\src\Http\ActionDispatcher.php, line 126
Cake\Http\ActionDispatcher::dispatch() - CORE\src\Http\ActionDispatcher.php, line 94
Cake\Http\BaseApplication::__invoke() - CORE\src\Http\BaseApplication.php, line 256
Cake\Http\Runner::__invoke() - CORE\src\Http\Runner.php, line 65
Cake\Http\Runner::__invoke() - CORE\src\Http\Runner.php, line 65
Cake\Http\Middleware\CsrfProtectionMiddleware::__invoke() - CORE\src\Http\Middleware\CsrfProtectionMiddleware.php, line 124
Cake\Http\Runner::__invoke() - CORE\src\Http\Runner.php, line 65
Cake\Http\Runner::run() - CORE\src\Http\Runner.php, line 51
Cake\Routing\Middleware\RoutingMiddleware::__invoke() - CORE\src\Routing\Middleware\RoutingMiddleware.php, line 170
Cake\Http\Runner::__invoke() - CORE\src\Http\Runner.php, line 65
Cake\Routing\Middleware\AssetMiddleware::__invoke() - CORE\src\Routing\Middleware\AssetMiddleware.php, line 88
Cake\Http\Runner::__invoke() - CORE\src\Http\Runner.php, line 65
Cake\Error\Middleware\ErrorHandlerMiddleware::__invoke() - CORE\src\Error\Middleware\ErrorHandlerMiddleware.php, line 96
Cake\Http\Runner::__invoke() - CORE\src\Http\Runner.php, line 65
DebugKit\Middleware\DebugKitMiddleware::__invoke() - ROOT\vendor\cakephp\debug_kit\src\Middleware\DebugKitMiddleware.php, line 53
Cake\Http\Runner::__invoke() - CORE\src\Http\Runner.php, line 65
Cake\Http\Runner::run() - CORE\src\Http\Runner.php, line 51
Cake\Http\Server::run() - CORE\src\Http\Server.php, line 97
[main] - ROOT\webroot\index.php, line 40



2020-09-09 20:35:43 Notice: Notice (8): Undefined property: Cake\ORM\Query::$created in [C:\Ampps39\www\420-5b7\tests\section_2\cakecmstuto_v0_2_1\src\Template\Articles\view.ctp, line 5]
Request URL: /articles/view/first-post
Referer URL: http://localhost/420-5b7/tests/section_2/cakecmstuto_v0_2_1/articles
Client IP: 127.0.0.1
Trace:
Cake\Error\BaseErrorHandler::handleError() - CORE\src\Error\BaseErrorHandler.php, line 168
include - APP/Template\Articles\view.ctp, line 5
Cake\View\View::_evaluate() - CORE\src\View\View.php, line 1435
Cake\View\View::_render() - CORE\src\View\View.php, line 1393
Cake\View\View::render() - CORE\src\View\View.php, line 892
Cake\Controller\Controller::render() - CORE\src\Controller\Controller.php, line 791
Cake\Http\ActionDispatcher::_invoke() - CORE\src\Http\ActionDispatcher.php, line 126
Cake\Http\ActionDispatcher::dispatch() - CORE\src\Http\ActionDispatcher.php, line 94
Cake\Http\BaseApplication::__invoke() - CORE\src\Http\BaseApplication.php, line 256
Cake\Http\Runner::__invoke() - CORE\src\Http\Runner.php, line 65
Cake\Http\Runner::__invoke() - CORE\src\Http\Runner.php, line 65
Cake\Http\Middleware\CsrfProtectionMiddleware::__invoke() - CORE\src\Http\Middleware\CsrfProtectionMiddleware.php, line 124
Cake\Http\Runner::__invoke() - CORE\src\Http\Runner.php, line 65
Cake\Http\Runner::run() - CORE\src\Http\Runner.php, line 51
Cake\Routing\Middleware\RoutingMiddleware::__invoke() - CORE\src\Routing\Middleware\RoutingMiddleware.php, line 170
Cake\Http\Runner::__invoke() - CORE\src\Http\Runner.php, line 65
Cake\Routing\Middleware\AssetMiddleware::__invoke() - CORE\src\Routing\Middleware\AssetMiddleware.php, line 88
Cake\Http\Runner::__invoke() - CORE\src\Http\Runner.php, line 65
Cake\Error\Middleware\ErrorHandlerMiddleware::__invoke() - CORE\src\Error\Middleware\ErrorHandlerMiddleware.php, line 96
Cake\Http\Runner::__invoke() - CORE\src\Http\Runner.php, line 65
DebugKit\Middleware\DebugKitMiddleware::__invoke() - ROOT\vendor\cakephp\debug_kit\src\Middleware\DebugKitMiddleware.php, line 53
Cake\Http\Runner::__invoke() - CORE\src\Http\Runner.php, line 65
Cake\Http\Runner::run() - CORE\src\Http\Runner.php, line 51
Cake\Http\Server::run() - CORE\src\Http\Server.php, line 97
[main] - ROOT\webroot\index.php, line 40



