2020-08-30 13:02:09 Error: [Cake\Http\Exception\NotFoundException] Please replace src/Template/Pages/home.ctp with your own version or re-enable debug mode. (C:\Ampps39\www\420-5b7\tests\Cake_GitHub\src\Template\Pages\home.ctp:25)
#0 C:\Ampps39\www\420-5b7\tests\Cake_GitHub\vendor\cakephp\cakephp\src\View\View.php(1435): include()
#1 C:\Ampps39\www\420-5b7\tests\Cake_GitHub\vendor\cakephp\cakephp\src\View\View.php(1393): Cake\View\View->_evaluate('C:\\Ampps39\\www\\...', Array)
#2 C:\Ampps39\www\420-5b7\tests\Cake_GitHub\vendor\cakephp\cakephp\src\View\View.php(892): Cake\View\View->_render('C:\\Ampps39\\www\\...')
#3 C:\Ampps39\www\420-5b7\tests\Cake_GitHub\vendor\cakephp\cakephp\src\Controller\Controller.php(791): Cake\View\View->render('home', NULL)
#4 C:\Ampps39\www\420-5b7\tests\Cake_GitHub\src\Controller\PagesController.php(60): Cake\Controller\Controller->render('home')
#5 C:\Ampps39\www\420-5b7\tests\Cake_GitHub\vendor\cakephp\cakephp\src\Controller\Controller.php(606): App\Controller\PagesController->display('home')
#6 C:\Ampps39\www\420-5b7\tests\Cake_GitHub\vendor\cakephp\cakephp\src\Http\ActionDispatcher.php(120): Cake\Controller\Controller->invokeAction()
#7 C:\Ampps39\www\420-5b7\tests\Cake_GitHub\vendor\cakephp\cakephp\src\Http\ActionDispatcher.php(94): Cake\Http\ActionDispatcher->_invoke(Object(App\Controller\PagesController))
#8 C:\Ampps39\www\420-5b7\tests\Cake_GitHub\vendor\cakephp\cakephp\src\Http\BaseApplication.php(256): Cake\Http\ActionDispatcher->dispatch(Object(Cake\Http\ServerRequest), Object(Cake\Http\Response))
#9 C:\Ampps39\www\420-5b7\tests\Cake_GitHub\vendor\cakephp\cakephp\src\Http\Runner.php(65): Cake\Http\BaseApplication->__invoke(Object(Cake\Http\ServerRequest), Object(Cake\Http\Response), Object(Cake\Http\Runner))
#10 C:\Ampps39\www\420-5b7\tests\Cake_GitHub\vendor\cakephp\cakephp\src\Http\Runner.php(65): Cake\Http\Runner->__invoke(Object(Cake\Http\ServerRequest), Object(Cake\Http\Response), Object(Cake\Http\Runner))
#11 C:\Ampps39\www\420-5b7\tests\Cake_GitHub\vendor\cakephp\cakephp\src\Http\Middleware\CsrfProtectionMiddleware.php(120): Cake\Http\Runner->__invoke(Object(Cake\Http\ServerRequest), Object(Cake\Http\Response))
#12 C:\Ampps39\www\420-5b7\tests\Cake_GitHub\vendor\cakephp\cakephp\src\Http\Runner.php(65): Cake\Http\Middleware\CsrfProtectionMiddleware->__invoke(Object(Cake\Http\ServerRequest), Object(Cake\Http\Response), Object(Cake\Http\Runner))
#13 C:\Ampps39\www\420-5b7\tests\Cake_GitHub\vendor\cakephp\cakephp\src\Http\Runner.php(51): Cake\Http\Runner->__invoke(Object(Cake\Http\ServerRequest), Object(Cake\Http\Response))
#14 C:\Ampps39\www\420-5b7\tests\Cake_GitHub\vendor\cakephp\cakephp\src\Routing\Middleware\RoutingMiddleware.php(170): Cake\Http\Runner->run(Object(Cake\Http\MiddlewareQueue), Object(Cake\Http\ServerRequest), Object(Cake\Http\Response))
#15 C:\Ampps39\www\420-5b7\tests\Cake_GitHub\vendor\cakephp\cakephp\src\Http\Runner.php(65): Cake\Routing\Middleware\RoutingMiddleware->__invoke(Object(Cake\Http\ServerRequest), Object(Cake\Http\Response), Object(Cake\Http\Runner))
#16 C:\Ampps39\www\420-5b7\tests\Cake_GitHub\vendor\cakephp\cakephp\src\Routing\Middleware\AssetMiddleware.php(88): Cake\Http\Runner->__invoke(Object(Cake\Http\ServerRequest), Object(Cake\Http\Response))
#17 C:\Ampps39\www\420-5b7\tests\Cake_GitHub\vendor\cakephp\cakephp\src\Http\Runner.php(65): Cake\Routing\Middleware\AssetMiddleware->__invoke(Object(Cake\Http\ServerRequest), Object(Cake\Http\Response), Object(Cake\Http\Runner))
#18 C:\Ampps39\www\420-5b7\tests\Cake_GitHub\vendor\cakephp\cakephp\src\Error\Middleware\ErrorHandlerMiddleware.php(96): Cake\Http\Runner->__invoke(Object(Cake\Http\ServerRequest), Object(Cake\Http\Response))
#19 C:\Ampps39\www\420-5b7\tests\Cake_GitHub\vendor\cakephp\cakephp\src\Http\Runner.php(65): Cake\Error\Middleware\ErrorHandlerMiddleware->__invoke(Object(Cake\Http\ServerRequest), Object(Cake\Http\Response), Object(Cake\Http\Runner))
#20 C:\Ampps39\www\420-5b7\tests\Cake_GitHub\vendor\cakephp\cakephp\src\Http\Runner.php(51): Cake\Http\Runner->__invoke(Object(Cake\Http\ServerRequest), Object(Cake\Http\Response))
#21 C:\Ampps39\www\420-5b7\tests\Cake_GitHub\vendor\cakephp\cakephp\src\Http\Server.php(97): Cake\Http\Runner->run(Object(Cake\Http\MiddlewareQueue), Object(Cake\Http\ServerRequest), Object(Cake\Http\Response))
#22 C:\Ampps39\www\420-5b7\tests\Cake_GitHub\webroot\index.php(40): Cake\Http\Server->run()
#23 {main}
Request URL: /
Referer URL: http://localhost/420-5b7/tests/


2020-08-30 13:15:21 Error: [Cake\Http\Exception\NotFoundException] Please replace src/Template/Pages/home.ctp with your own version or re-enable debug mode. (C:\Ampps39\www\420-5b7\section_1\Cake_GitHub\src\Template\Pages\home.ctp:25)
#0 C:\Ampps39\www\420-5b7\section_1\Cake_GitHub\vendor\cakephp\cakephp\src\View\View.php(1435): include()
#1 C:\Ampps39\www\420-5b7\section_1\Cake_GitHub\vendor\cakephp\cakephp\src\View\View.php(1393): Cake\View\View->_evaluate('C:\\Ampps39\\www\\...', Array)
#2 C:\Ampps39\www\420-5b7\section_1\Cake_GitHub\vendor\cakephp\cakephp\src\View\View.php(892): Cake\View\View->_render('C:\\Ampps39\\www\\...')
#3 C:\Ampps39\www\420-5b7\section_1\Cake_GitHub\vendor\cakephp\cakephp\src\Controller\Controller.php(791): Cake\View\View->render('home', NULL)
#4 C:\Ampps39\www\420-5b7\section_1\Cake_GitHub\src\Controller\PagesController.php(60): Cake\Controller\Controller->render('home')
#5 C:\Ampps39\www\420-5b7\section_1\Cake_GitHub\vendor\cakephp\cakephp\src\Controller\Controller.php(606): App\Controller\PagesController->display('home')
#6 C:\Ampps39\www\420-5b7\section_1\Cake_GitHub\vendor\cakephp\cakephp\src\Http\ActionDispatcher.php(120): Cake\Controller\Controller->invokeAction()
#7 C:\Ampps39\www\420-5b7\section_1\Cake_GitHub\vendor\cakephp\cakephp\src\Http\ActionDispatcher.php(94): Cake\Http\ActionDispatcher->_invoke(Object(App\Controller\PagesController))
#8 C:\Ampps39\www\420-5b7\section_1\Cake_GitHub\vendor\cakephp\cakephp\src\Http\BaseApplication.php(256): Cake\Http\ActionDispatcher->dispatch(Object(Cake\Http\ServerRequest), Object(Cake\Http\Response))
#9 C:\Ampps39\www\420-5b7\section_1\Cake_GitHub\vendor\cakephp\cakephp\src\Http\Runner.php(65): Cake\Http\BaseApplication->__invoke(Object(Cake\Http\ServerRequest), Object(Cake\Http\Response), Object(Cake\Http\Runner))
#10 C:\Ampps39\www\420-5b7\section_1\Cake_GitHub\vendor\cakephp\cakephp\src\Http\Runner.php(65): Cake\Http\Runner->__invoke(Object(Cake\Http\ServerRequest), Object(Cake\Http\Response), Object(Cake\Http\Runner))
#11 C:\Ampps39\www\420-5b7\section_1\Cake_GitHub\vendor\cakephp\cakephp\src\Http\Middleware\CsrfProtectionMiddleware.php(120): Cake\Http\Runner->__invoke(Object(Cake\Http\ServerRequest), Object(Cake\Http\Response))
#12 C:\Ampps39\www\420-5b7\section_1\Cake_GitHub\vendor\cakephp\cakephp\src\Http\Runner.php(65): Cake\Http\Middleware\CsrfProtectionMiddleware->__invoke(Object(Cake\Http\ServerRequest), Object(Cake\Http\Response), Object(Cake\Http\Runner))
#13 C:\Ampps39\www\420-5b7\section_1\Cake_GitHub\vendor\cakephp\cakephp\src\Http\Runner.php(51): Cake\Http\Runner->__invoke(Object(Cake\Http\ServerRequest), Object(Cake\Http\Response))
#14 C:\Ampps39\www\420-5b7\section_1\Cake_GitHub\vendor\cakephp\cakephp\src\Routing\Middleware\RoutingMiddleware.php(170): Cake\Http\Runner->run(Object(Cake\Http\MiddlewareQueue), Object(Cake\Http\ServerRequest), Object(Cake\Http\Response))
#15 C:\Ampps39\www\420-5b7\section_1\Cake_GitHub\vendor\cakephp\cakephp\src\Http\Runner.php(65): Cake\Routing\Middleware\RoutingMiddleware->__invoke(Object(Cake\Http\ServerRequest), Object(Cake\Http\Response), Object(Cake\Http\Runner))
#16 C:\Ampps39\www\420-5b7\section_1\Cake_GitHub\vendor\cakephp\cakephp\src\Routing\Middleware\AssetMiddleware.php(88): Cake\Http\Runner->__invoke(Object(Cake\Http\ServerRequest), Object(Cake\Http\Response))
#17 C:\Ampps39\www\420-5b7\section_1\Cake_GitHub\vendor\cakephp\cakephp\src\Http\Runner.php(65): Cake\Routing\Middleware\AssetMiddleware->__invoke(Object(Cake\Http\ServerRequest), Object(Cake\Http\Response), Object(Cake\Http\Runner))
#18 C:\Ampps39\www\420-5b7\section_1\Cake_GitHub\vendor\cakephp\cakephp\src\Error\Middleware\ErrorHandlerMiddleware.php(96): Cake\Http\Runner->__invoke(Object(Cake\Http\ServerRequest), Object(Cake\Http\Response))
#19 C:\Ampps39\www\420-5b7\section_1\Cake_GitHub\vendor\cakephp\cakephp\src\Http\Runner.php(65): Cake\Error\Middleware\ErrorHandlerMiddleware->__invoke(Object(Cake\Http\ServerRequest), Object(Cake\Http\Response), Object(Cake\Http\Runner))
#20 C:\Ampps39\www\420-5b7\section_1\Cake_GitHub\vendor\cakephp\cakephp\src\Http\Runner.php(51): Cake\Http\Runner->__invoke(Object(Cake\Http\ServerRequest), Object(Cake\Http\Response))
#21 C:\Ampps39\www\420-5b7\section_1\Cake_GitHub\vendor\cakephp\cakephp\src\Http\Server.php(97): Cake\Http\Runner->run(Object(Cake\Http\MiddlewareQueue), Object(Cake\Http\ServerRequest), Object(Cake\Http\Response))
#22 C:\Ampps39\www\420-5b7\section_1\Cake_GitHub\webroot\index.php(40): Cake\Http\Server->run()
#23 {main}
Request URL: /
Referer URL: http://localhost/420-5b7/section_1/


2020-08-30 13:16:25 Error: [Cake\Http\Exception\NotFoundException] Please replace src/Template/Pages/home.ctp with your own version or re-enable debug mode. (C:\Ampps39\www\420-5b7\section_1\Cake_GitHub\src\Template\Pages\home.ctp:25)
#0 C:\Ampps39\www\420-5b7\section_1\Cake_GitHub\vendor\cakephp\cakephp\src\View\View.php(1435): include()
#1 C:\Ampps39\www\420-5b7\section_1\Cake_GitHub\vendor\cakephp\cakephp\src\View\View.php(1393): Cake\View\View->_evaluate('C:\\Ampps39\\www\\...', Array)
#2 C:\Ampps39\www\420-5b7\section_1\Cake_GitHub\vendor\cakephp\cakephp\src\View\View.php(892): Cake\View\View->_render('C:\\Ampps39\\www\\...')
#3 C:\Ampps39\www\420-5b7\section_1\Cake_GitHub\vendor\cakephp\cakephp\src\Controller\Controller.php(791): Cake\View\View->render('home', NULL)
#4 C:\Ampps39\www\420-5b7\section_1\Cake_GitHub\src\Controller\PagesController.php(60): Cake\Controller\Controller->render('home')
#5 C:\Ampps39\www\420-5b7\section_1\Cake_GitHub\vendor\cakephp\cakephp\src\Controller\Controller.php(606): App\Controller\PagesController->display('home')
#6 C:\Ampps39\www\420-5b7\section_1\Cake_GitHub\vendor\cakephp\cakephp\src\Http\ActionDispatcher.php(120): Cake\Controller\Controller->invokeAction()
#7 C:\Ampps39\www\420-5b7\section_1\Cake_GitHub\vendor\cakephp\cakephp\src\Http\ActionDispatcher.php(94): Cake\Http\ActionDispatcher->_invoke(Object(App\Controller\PagesController))
#8 C:\Ampps39\www\420-5b7\section_1\Cake_GitHub\vendor\cakephp\cakephp\src\Http\BaseApplication.php(256): Cake\Http\ActionDispatcher->dispatch(Object(Cake\Http\ServerRequest), Object(Cake\Http\Response))
#9 C:\Ampps39\www\420-5b7\section_1\Cake_GitHub\vendor\cakephp\cakephp\src\Http\Runner.php(65): Cake\Http\BaseApplication->__invoke(Object(Cake\Http\ServerRequest), Object(Cake\Http\Response), Object(Cake\Http\Runner))
#10 C:\Ampps39\www\420-5b7\section_1\Cake_GitHub\vendor\cakephp\cakephp\src\Http\Runner.php(65): Cake\Http\Runner->__invoke(Object(Cake\Http\ServerRequest), Object(Cake\Http\Response), Object(Cake\Http\Runner))
#11 C:\Ampps39\www\420-5b7\section_1\Cake_GitHub\vendor\cakephp\cakephp\src\Http\Middleware\CsrfProtectionMiddleware.php(124): Cake\Http\Runner->__invoke(Object(Cake\Http\ServerRequest), Object(Cake\Http\Response))
#12 C:\Ampps39\www\420-5b7\section_1\Cake_GitHub\vendor\cakephp\cakephp\src\Http\Runner.php(65): Cake\Http\Middleware\CsrfProtectionMiddleware->__invoke(Object(Cake\Http\ServerRequest), Object(Cake\Http\Response), Object(Cake\Http\Runner))
#13 C:\Ampps39\www\420-5b7\section_1\Cake_GitHub\vendor\cakephp\cakephp\src\Http\Runner.php(51): Cake\Http\Runner->__invoke(Object(Cake\Http\ServerRequest), Object(Cake\Http\Response))
#14 C:\Ampps39\www\420-5b7\section_1\Cake_GitHub\vendor\cakephp\cakephp\src\Routing\Middleware\RoutingMiddleware.php(170): Cake\Http\Runner->run(Object(Cake\Http\MiddlewareQueue), Object(Cake\Http\ServerRequest), Object(Cake\Http\Response))
#15 C:\Ampps39\www\420-5b7\section_1\Cake_GitHub\vendor\cakephp\cakephp\src\Http\Runner.php(65): Cake\Routing\Middleware\RoutingMiddleware->__invoke(Object(Cake\Http\ServerRequest), Object(Cake\Http\Response), Object(Cake\Http\Runner))
#16 C:\Ampps39\www\420-5b7\section_1\Cake_GitHub\vendor\cakephp\cakephp\src\Routing\Middleware\AssetMiddleware.php(88): Cake\Http\Runner->__invoke(Object(Cake\Http\ServerRequest), Object(Cake\Http\Response))
#17 C:\Ampps39\www\420-5b7\section_1\Cake_GitHub\vendor\cakephp\cakephp\src\Http\Runner.php(65): Cake\Routing\Middleware\AssetMiddleware->__invoke(Object(Cake\Http\ServerRequest), Object(Cake\Http\Response), Object(Cake\Http\Runner))
#18 C:\Ampps39\www\420-5b7\section_1\Cake_GitHub\vendor\cakephp\cakephp\src\Error\Middleware\ErrorHandlerMiddleware.php(96): Cake\Http\Runner->__invoke(Object(Cake\Http\ServerRequest), Object(Cake\Http\Response))
#19 C:\Ampps39\www\420-5b7\section_1\Cake_GitHub\vendor\cakephp\cakephp\src\Http\Runner.php(65): Cake\Error\Middleware\ErrorHandlerMiddleware->__invoke(Object(Cake\Http\ServerRequest), Object(Cake\Http\Response), Object(Cake\Http\Runner))
#20 C:\Ampps39\www\420-5b7\section_1\Cake_GitHub\vendor\cakephp\cakephp\src\Http\Runner.php(51): Cake\Http\Runner->__invoke(Object(Cake\Http\ServerRequest), Object(Cake\Http\Response))
#21 C:\Ampps39\www\420-5b7\section_1\Cake_GitHub\vendor\cakephp\cakephp\src\Http\Server.php(97): Cake\Http\Runner->run(Object(Cake\Http\MiddlewareQueue), Object(Cake\Http\ServerRequest), Object(Cake\Http\Response))
#22 C:\Ampps39\www\420-5b7\section_1\Cake_GitHub\webroot\index.php(40): Cake\Http\Server->run()
#23 {main}
Request URL: /
Referer URL: http://localhost/420-5b7/section_1/


2020-08-30 20:17:19 Error: [Cake\View\Exception\MissingTemplateException] Template file "Articles\view.ctp" is missing. (C:\Ampps39\www\420-5b7\section_1\Cake_GitHub\vendor\cakephp\cakephp\src\View\View.php:1605)
Exception Attributes: array (
  'file' => 'Articles\\view.ctp',
)
#0 C:\Ampps39\www\420-5b7\section_1\Cake_GitHub\vendor\cakephp\cakephp\src\View\View.php(888): Cake\View\View->_getViewFileName('Articles\\view')
#1 C:\Ampps39\www\420-5b7\section_1\Cake_GitHub\vendor\cakephp\cakephp\src\Controller\Controller.php(791): Cake\View\View->render(NULL, NULL)
#2 C:\Ampps39\www\420-5b7\section_1\Cake_GitHub\vendor\cakephp\cakephp\src\Http\ActionDispatcher.php(126): Cake\Controller\Controller->render()
#3 C:\Ampps39\www\420-5b7\section_1\Cake_GitHub\vendor\cakephp\cakephp\src\Http\ActionDispatcher.php(94): Cake\Http\ActionDispatcher->_invoke(Object(App\Controller\ArticlesController))
#4 C:\Ampps39\www\420-5b7\section_1\Cake_GitHub\vendor\cakephp\cakephp\src\Http\BaseApplication.php(256): Cake\Http\ActionDispatcher->dispatch(Object(Cake\Http\ServerRequest), Object(Cake\Http\Response))
#5 C:\Ampps39\www\420-5b7\section_1\Cake_GitHub\vendor\cakephp\cakephp\src\Http\Runner.php(65): Cake\Http\BaseApplication->__invoke(Object(Cake\Http\ServerRequest), Object(Cake\Http\Response), Object(Cake\Http\Runner))
#6 C:\Ampps39\www\420-5b7\section_1\Cake_GitHub\vendor\cakephp\cakephp\src\Http\Runner.php(65): Cake\Http\Runner->__invoke(Object(Cake\Http\ServerRequest), Object(Cake\Http\Response), Object(Cake\Http\Runner))
#7 C:\Ampps39\www\420-5b7\section_1\Cake_GitHub\vendor\cakephp\cakephp\src\Http\Middleware\CsrfProtectionMiddleware.php(124): Cake\Http\Runner->__invoke(Object(Cake\Http\ServerRequest), Object(Cake\Http\Response))
#8 C:\Ampps39\www\420-5b7\section_1\Cake_GitHub\vendor\cakephp\cakephp\src\Http\Runner.php(65): Cake\Http\Middleware\CsrfProtectionMiddleware->__invoke(Object(Cake\Http\ServerRequest), Object(Cake\Http\Response), Object(Cake\Http\Runner))
#9 C:\Ampps39\www\420-5b7\section_1\Cake_GitHub\vendor\cakephp\cakephp\src\Http\Runner.php(51): Cake\Http\Runner->__invoke(Object(Cake\Http\ServerRequest), Object(Cake\Http\Response))
#10 C:\Ampps39\www\420-5b7\section_1\Cake_GitHub\vendor\cakephp\cakephp\src\Routing\Middleware\RoutingMiddleware.php(170): Cake\Http\Runner->run(Object(Cake\Http\MiddlewareQueue), Object(Cake\Http\ServerRequest), Object(Cake\Http\Response))
#11 C:\Ampps39\www\420-5b7\section_1\Cake_GitHub\vendor\cakephp\cakephp\src\Http\Runner.php(65): Cake\Routing\Middleware\RoutingMiddleware->__invoke(Object(Cake\Http\ServerRequest), Object(Cake\Http\Response), Object(Cake\Http\Runner))
#12 C:\Ampps39\www\420-5b7\section_1\Cake_GitHub\vendor\cakephp\cakephp\src\Routing\Middleware\AssetMiddleware.php(88): Cake\Http\Runner->__invoke(Object(Cake\Http\ServerRequest), Object(Cake\Http\Response))
#13 C:\Ampps39\www\420-5b7\section_1\Cake_GitHub\vendor\cakephp\cakephp\src\Http\Runner.php(65): Cake\Routing\Middleware\AssetMiddleware->__invoke(Object(Cake\Http\ServerRequest), Object(Cake\Http\Response), Object(Cake\Http\Runner))
#14 C:\Ampps39\www\420-5b7\section_1\Cake_GitHub\vendor\cakephp\cakephp\src\Error\Middleware\ErrorHandlerMiddleware.php(96): Cake\Http\Runner->__invoke(Object(Cake\Http\ServerRequest), Object(Cake\Http\Response))
#15 C:\Ampps39\www\420-5b7\section_1\Cake_GitHub\vendor\cakephp\cakephp\src\Http\Runner.php(65): Cake\Error\Middleware\ErrorHandlerMiddleware->__invoke(Object(Cake\Http\ServerRequest), Object(Cake\Http\Response), Object(Cake\Http\Runner))
#16 C:\Ampps39\www\420-5b7\section_1\Cake_GitHub\vendor\cakephp\debug_kit\src\Middleware\DebugKitMiddleware.php(53): Cake\Http\Runner->__invoke(Object(Cake\Http\ServerRequest), Object(Cake\Http\Response))
#17 C:\Ampps39\www\420-5b7\section_1\Cake_GitHub\vendor\cakephp\cakephp\src\Http\Runner.php(65): DebugKit\Middleware\DebugKitMiddleware->__invoke(Object(Cake\Http\ServerRequest), Object(Cake\Http\Response), Object(Cake\Http\Runner))
#18 C:\Ampps39\www\420-5b7\section_1\Cake_GitHub\vendor\cakephp\cakephp\src\Http\Runner.php(51): Cake\Http\Runner->__invoke(Object(Cake\Http\ServerRequest), Object(Cake\Http\Response))
#19 C:\Ampps39\www\420-5b7\section_1\Cake_GitHub\vendor\cakephp\cakephp\src\Http\Server.php(97): Cake\Http\Runner->run(Object(Cake\Http\MiddlewareQueue), Object(Cake\Http\ServerRequest), Object(Cake\Http\Response))
#20 C:\Ampps39\www\420-5b7\section_1\Cake_GitHub\webroot\index.php(40): Cake\Http\Server->run()
#21 {main}
Request URL: /articles/view/first-post
Referer URL: http://localhost/420-5b7/section_1/Cake_GitHub/articles


2020-09-02 16:33:18 Error: [Cake\Controller\Exception\MissingActionException] Action UsersController::login() could not be found, or is not accessible. (C:\Ampps39\www\420-5b7\section_1\CakeCmsTuto_v0_1_1_github\vendor\cakephp\cakephp\src\Controller\Controller.php:596)
Exception Attributes: array (
  'controller' => 'UsersController',
  'action' => 'login',
  'prefix' => '',
  'plugin' => false,
)
#0 C:\Ampps39\www\420-5b7\section_1\CakeCmsTuto_v0_1_1_github\vendor\cakephp\cakephp\src\Http\ActionDispatcher.php(120): Cake\Controller\Controller->invokeAction()
#1 C:\Ampps39\www\420-5b7\section_1\CakeCmsTuto_v0_1_1_github\vendor\cakephp\cakephp\src\Http\ActionDispatcher.php(94): Cake\Http\ActionDispatcher->_invoke(Object(App\Controller\UsersController))
#2 C:\Ampps39\www\420-5b7\section_1\CakeCmsTuto_v0_1_1_github\vendor\cakephp\cakephp\src\Http\BaseApplication.php(256): Cake\Http\ActionDispatcher->dispatch(Object(Cake\Http\ServerRequest), Object(Cake\Http\Response))
#3 C:\Ampps39\www\420-5b7\section_1\CakeCmsTuto_v0_1_1_github\vendor\cakephp\cakephp\src\Http\Runner.php(65): Cake\Http\BaseApplication->__invoke(Object(Cake\Http\ServerRequest), Object(Cake\Http\Response), Object(Cake\Http\Runner))
#4 C:\Ampps39\www\420-5b7\section_1\CakeCmsTuto_v0_1_1_github\vendor\cakephp\cakephp\src\Http\Runner.php(65): Cake\Http\Runner->__invoke(Object(Cake\Http\ServerRequest), Object(Cake\Http\Response), Object(Cake\Http\Runner))
#5 C:\Ampps39\www\420-5b7\section_1\CakeCmsTuto_v0_1_1_github\vendor\cakephp\cakephp\src\Http\Middleware\CsrfProtectionMiddleware.php(124): Cake\Http\Runner->__invoke(Object(Cake\Http\ServerRequest), Object(Cake\Http\Response))
#6 C:\Ampps39\www\420-5b7\section_1\CakeCmsTuto_v0_1_1_github\vendor\cakephp\cakephp\src\Http\Runner.php(65): Cake\Http\Middleware\CsrfProtectionMiddleware->__invoke(Object(Cake\Http\ServerRequest), Object(Cake\Http\Response), Object(Cake\Http\Runner))
#7 C:\Ampps39\www\420-5b7\section_1\CakeCmsTuto_v0_1_1_github\vendor\cakephp\cakephp\src\Http\Runner.php(51): Cake\Http\Runner->__invoke(Object(Cake\Http\ServerRequest), Object(Cake\Http\Response))
#8 C:\Ampps39\www\420-5b7\section_1\CakeCmsTuto_v0_1_1_github\vendor\cakephp\cakephp\src\Routing\Middleware\RoutingMiddleware.php(170): Cake\Http\Runner->run(Object(Cake\Http\MiddlewareQueue), Object(Cake\Http\ServerRequest), Object(Cake\Http\Response))
#9 C:\Ampps39\www\420-5b7\section_1\CakeCmsTuto_v0_1_1_github\vendor\cakephp\cakephp\src\Http\Runner.php(65): Cake\Routing\Middleware\RoutingMiddleware->__invoke(Object(Cake\Http\ServerRequest), Object(Cake\Http\Response), Object(Cake\Http\Runner))
#10 C:\Ampps39\www\420-5b7\section_1\CakeCmsTuto_v0_1_1_github\vendor\cakephp\cakephp\src\Routing\Middleware\AssetMiddleware.php(88): Cake\Http\Runner->__invoke(Object(Cake\Http\ServerRequest), Object(Cake\Http\Response))
#11 C:\Ampps39\www\420-5b7\section_1\CakeCmsTuto_v0_1_1_github\vendor\cakephp\cakephp\src\Http\Runner.php(65): Cake\Routing\Middleware\AssetMiddleware->__invoke(Object(Cake\Http\ServerRequest), Object(Cake\Http\Response), Object(Cake\Http\Runner))
#12 C:\Ampps39\www\420-5b7\section_1\CakeCmsTuto_v0_1_1_github\vendor\cakephp\cakephp\src\Error\Middleware\ErrorHandlerMiddleware.php(96): Cake\Http\Runner->__invoke(Object(Cake\Http\ServerRequest), Object(Cake\Http\Response))
#13 C:\Ampps39\www\420-5b7\section_1\CakeCmsTuto_v0_1_1_github\vendor\cakephp\cakephp\src\Http\Runner.php(65): Cake\Error\Middleware\ErrorHandlerMiddleware->__invoke(Object(Cake\Http\ServerRequest), Object(Cake\Http\Response), Object(Cake\Http\Runner))
#14 C:\Ampps39\www\420-5b7\section_1\CakeCmsTuto_v0_1_1_github\vendor\cakephp\debug_kit\src\Middleware\DebugKitMiddleware.php(53): Cake\Http\Runner->__invoke(Object(Cake\Http\ServerRequest), Object(Cake\Http\Response))
#15 C:\Ampps39\www\420-5b7\section_1\CakeCmsTuto_v0_1_1_github\vendor\cakephp\cakephp\src\Http\Runner.php(65): DebugKit\Middleware\DebugKitMiddleware->__invoke(Object(Cake\Http\ServerRequest), Object(Cake\Http\Response), Object(Cake\Http\Runner))
#16 C:\Ampps39\www\420-5b7\section_1\CakeCmsTuto_v0_1_1_github\vendor\cakephp\cakephp\src\Http\Runner.php(51): Cake\Http\Runner->__invoke(Object(Cake\Http\ServerRequest), Object(Cake\Http\Response))
#17 C:\Ampps39\www\420-5b7\section_1\CakeCmsTuto_v0_1_1_github\vendor\cakephp\cakephp\src\Http\Server.php(97): Cake\Http\Runner->run(Object(Cake\Http\MiddlewareQueue), Object(Cake\Http\ServerRequest), Object(Cake\Http\Response))
#18 C:\Ampps39\www\420-5b7\section_1\CakeCmsTuto_v0_1_1_github\webroot\index.php(40): Cake\Http\Server->run()
#19 {main}
Request URL: /users/login?redirect=%2Farticles%2Fadd
Referer URL: http://localhost/420-5b7/section_1/CakeCmsTuto_v0_1_1_github/articles


2020-09-02 17:15:48 Error: [ParseError] syntax error, unexpected 'if' (T_IF) (C:\Ampps39\www\420-5b7\section_1\CakeCmsTuto_v0_1_1_github\src\Controller\ArticlesController.php:52)
#0 C:\Ampps39\www\420-5b7\section_1\CakeCmsTuto_v0_1_1_github\vendor\composer\ClassLoader.php(322): Composer\Autoload\includeFile('C:\\Ampps39\\www\\...')
#1 [internal function]: Composer\Autoload\ClassLoader->loadClass('App\\Controller\\...')
#2 [internal function]: spl_autoload_call('App\\Controller\\...')
#3 C:\Ampps39\www\420-5b7\section_1\CakeCmsTuto_v0_1_1_github\vendor\cakephp\cakephp\src\Core\App.php(151): class_exists('App\\Controller\\...')
#4 C:\Ampps39\www\420-5b7\section_1\CakeCmsTuto_v0_1_1_github\vendor\cakephp\cakephp\src\Core\App.php(63): Cake\Core\App::_classExistsInBase('\\Controller\\Art...', 'App')
#5 C:\Ampps39\www\420-5b7\section_1\CakeCmsTuto_v0_1_1_github\vendor\cakephp\cakephp\src\Http\ControllerFactory.php(93): Cake\Core\App::className('Articles', 'Controller', 'Controller')
#6 C:\Ampps39\www\420-5b7\section_1\CakeCmsTuto_v0_1_1_github\vendor\cakephp\cakephp\src\Http\ControllerFactory.php(37): Cake\Http\ControllerFactory->getControllerClass(Object(Cake\Http\ServerRequest))
#7 C:\Ampps39\www\420-5b7\section_1\CakeCmsTuto_v0_1_1_github\vendor\cakephp\cakephp\src\Http\ActionDispatcher.php(91): Cake\Http\ControllerFactory->create(Object(Cake\Http\ServerRequest), Object(Cake\Http\Response))
#8 C:\Ampps39\www\420-5b7\section_1\CakeCmsTuto_v0_1_1_github\vendor\cakephp\cakephp\src\Http\BaseApplication.php(256): Cake\Http\ActionDispatcher->dispatch(Object(Cake\Http\ServerRequest), Object(Cake\Http\Response))
#9 C:\Ampps39\www\420-5b7\section_1\CakeCmsTuto_v0_1_1_github\vendor\cakephp\cakephp\src\Http\Runner.php(65): Cake\Http\BaseApplication->__invoke(Object(Cake\Http\ServerRequest), Object(Cake\Http\Response), Object(Cake\Http\Runner))
#10 C:\Ampps39\www\420-5b7\section_1\CakeCmsTuto_v0_1_1_github\vendor\cakephp\cakephp\src\Http\Runner.php(65): Cake\Http\Runner->__invoke(Object(Cake\Http\ServerRequest), Object(Cake\Http\Response), Object(Cake\Http\Runner))
#11 C:\Ampps39\www\420-5b7\section_1\CakeCmsTuto_v0_1_1_github\vendor\cakephp\cakephp\src\Http\Middleware\CsrfProtectionMiddleware.php(124): Cake\Http\Runner->__invoke(Object(Cake\Http\ServerRequest), Object(Cake\Http\Response))
#12 C:\Ampps39\www\420-5b7\section_1\CakeCmsTuto_v0_1_1_github\vendor\cakephp\cakephp\src\Http\Runner.php(65): Cake\Http\Middleware\CsrfProtectionMiddleware->__invoke(Object(Cake\Http\ServerRequest), Object(Cake\Http\Response), Object(Cake\Http\Runner))
#13 C:\Ampps39\www\420-5b7\section_1\CakeCmsTuto_v0_1_1_github\vendor\cakephp\cakephp\src\Http\Runner.php(51): Cake\Http\Runner->__invoke(Object(Cake\Http\ServerRequest), Object(Cake\Http\Response))
#14 C:\Ampps39\www\420-5b7\section_1\CakeCmsTuto_v0_1_1_github\vendor\cakephp\cakephp\src\Routing\Middleware\RoutingMiddleware.php(170): Cake\Http\Runner->run(Object(Cake\Http\MiddlewareQueue), Object(Cake\Http\ServerRequest), Object(Cake\Http\Response))
#15 C:\Ampps39\www\420-5b7\section_1\CakeCmsTuto_v0_1_1_github\vendor\cakephp\cakephp\src\Http\Runner.php(65): Cake\Routing\Middleware\RoutingMiddleware->__invoke(Object(Cake\Http\ServerRequest), Object(Cake\Http\Response), Object(Cake\Http\Runner))
#16 C:\Ampps39\www\420-5b7\section_1\CakeCmsTuto_v0_1_1_github\vendor\cakephp\cakephp\src\Routing\Middleware\AssetMiddleware.php(88): Cake\Http\Runner->__invoke(Object(Cake\Http\ServerRequest), Object(Cake\Http\Response))
#17 C:\Ampps39\www\420-5b7\section_1\CakeCmsTuto_v0_1_1_github\vendor\cakephp\cakephp\src\Http\Runner.php(65): Cake\Routing\Middleware\AssetMiddleware->__invoke(Object(Cake\Http\ServerRequest), Object(Cake\Http\Response), Object(Cake\Http\Runner))
#18 C:\Ampps39\www\420-5b7\section_1\CakeCmsTuto_v0_1_1_github\vendor\cakephp\cakephp\src\Error\Middleware\ErrorHandlerMiddleware.php(96): Cake\Http\Runner->__invoke(Object(Cake\Http\ServerRequest), Object(Cake\Http\Response))
#19 C:\Ampps39\www\420-5b7\section_1\CakeCmsTuto_v0_1_1_github\vendor\cakephp\cakephp\src\Http\Runner.php(65): Cake\Error\Middleware\ErrorHandlerMiddleware->__invoke(Object(Cake\Http\ServerRequest), Object(Cake\Http\Response), Object(Cake\Http\Runner))
#20 C:\Ampps39\www\420-5b7\section_1\CakeCmsTuto_v0_1_1_github\vendor\cakephp\debug_kit\src\Middleware\DebugKitMiddleware.php(53): Cake\Http\Runner->__invoke(Object(Cake\Http\ServerRequest), Object(Cake\Http\Response))
#21 C:\Ampps39\www\420-5b7\section_1\CakeCmsTuto_v0_1_1_github\vendor\cakephp\cakephp\src\Http\Runner.php(65): DebugKit\Middleware\DebugKitMiddleware->__invoke(Object(Cake\Http\ServerRequest), Object(Cake\Http\Response), Object(Cake\Http\Runner))
#22 C:\Ampps39\www\420-5b7\section_1\CakeCmsTuto_v0_1_1_github\vendor\cakephp\cakephp\src\Http\Runner.php(51): Cake\Http\Runner->__invoke(Object(Cake\Http\ServerRequest), Object(Cake\Http\Response))
#23 C:\Ampps39\www\420-5b7\section_1\CakeCmsTuto_v0_1_1_github\vendor\cakephp\cakephp\src\Http\Server.php(97): Cake\Http\Runner->run(Object(Cake\Http\MiddlewareQueue), Object(Cake\Http\ServerRequest), Object(Cake\Http\Response))
#24 C:\Ampps39\www\420-5b7\section_1\CakeCmsTuto_v0_1_1_github\webroot\index.php(40): Cake\Http\Server->run()
#25 {main}
Request URL: /articles
Referer URL: http://localhost/420-5b7/section_1/CakeCmsTuto_v0_1_1_github/users


2020-09-02 17:36:22 Error: [InvalidArgumentException] The Articles association is not defined on Articles. (C:\Ampps39\www\420-5b7\section_1\CakeCmsTuto_v0_1_1_github\vendor\cakephp\cakephp\src\ORM\Table.php:1013)
#0 C:\Ampps39\www\420-5b7\section_1\CakeCmsTuto_v0_1_1_github\vendor\cakephp\cakephp\src\ORM\EagerLoader.php(550): Cake\ORM\Table->getAssociation('Articles')
#1 C:\Ampps39\www\420-5b7\section_1\CakeCmsTuto_v0_1_1_github\vendor\cakephp\cakephp\src\ORM\EagerLoader.php(376): Cake\ORM\EagerLoader->_normalizeContain(Object(App\Model\Table\ArticlesTable), 'Articles', Array, Array)
#2 C:\Ampps39\www\420-5b7\section_1\CakeCmsTuto_v0_1_1_github\vendor\cakephp\cakephp\src\ORM\EagerLoader.php(506): Cake\ORM\EagerLoader->normalized(Object(App\Model\Table\ArticlesTable))
#3 C:\Ampps39\www\420-5b7\section_1\CakeCmsTuto_v0_1_1_github\vendor\cakephp\cakephp\src\ORM\EagerLoader.php(477): Cake\ORM\EagerLoader->attachableAssociations(Object(App\Model\Table\ArticlesTable))
#4 C:\Ampps39\www\420-5b7\section_1\CakeCmsTuto_v0_1_1_github\vendor\cakephp\cakephp\src\ORM\Query.php(1185): Cake\ORM\EagerLoader->attachAssociations(Object(Cake\ORM\Query), Object(App\Model\Table\ArticlesTable), true)
#5 C:\Ampps39\www\420-5b7\section_1\CakeCmsTuto_v0_1_1_github\vendor\cakephp\cakephp\src\ORM\Query.php(1134): Cake\ORM\Query->_transformQuery()
#6 C:\Ampps39\www\420-5b7\section_1\CakeCmsTuto_v0_1_1_github\vendor\cakephp\cakephp\src\Database\Driver\Mysql.php(137): Cake\ORM\Query->sql()
#7 C:\Ampps39\www\420-5b7\section_1\CakeCmsTuto_v0_1_1_github\vendor\cakephp\cakephp\src\Database\Connection.php(283): Cake\Database\Driver\Mysql->prepare(Object(Cake\ORM\Query))
#8 C:\Ampps39\www\420-5b7\section_1\CakeCmsTuto_v0_1_1_github\vendor\cakephp\cakephp\src\Core\Retry\CommandRetry.php(67): Cake\Database\Connection->Cake\Database\{closure}()
#9 C:\Ampps39\www\420-5b7\section_1\CakeCmsTuto_v0_1_1_github\vendor\cakephp\cakephp\src\Database\Connection.php(290): Cake\Core\Retry\CommandRetry->run(Object(Closure))
#10 C:\Ampps39\www\420-5b7\section_1\CakeCmsTuto_v0_1_1_github\vendor\cakephp\cakephp\src\Database\Connection.php(340): Cake\Database\Connection->prepare(Object(Cake\ORM\Query))
#11 C:\Ampps39\www\420-5b7\section_1\CakeCmsTuto_v0_1_1_github\vendor\cakephp\cakephp\src\Core\Retry\CommandRetry.php(67): Cake\Database\Connection->Cake\Database\{closure}()
#12 C:\Ampps39\www\420-5b7\section_1\CakeCmsTuto_v0_1_1_github\vendor\cakephp\cakephp\src\Database\Connection.php(345): Cake\Core\Retry\CommandRetry->run(Object(Closure))
#13 C:\Ampps39\www\420-5b7\section_1\CakeCmsTuto_v0_1_1_github\vendor\cakephp\cakephp\src\Database\Query.php(218): Cake\Database\Connection->run(Object(Cake\ORM\Query))
#14 C:\Ampps39\www\420-5b7\section_1\CakeCmsTuto_v0_1_1_github\vendor\cakephp\cakephp\src\ORM\Query.php(1155): Cake\Database\Query->execute()
#15 C:\Ampps39\www\420-5b7\section_1\CakeCmsTuto_v0_1_1_github\vendor\cakephp\cakephp\src\Datasource\QueryTrait.php(310): Cake\ORM\Query->_execute()
#16 C:\Ampps39\www\420-5b7\section_1\CakeCmsTuto_v0_1_1_github\vendor\cakephp\cakephp\src\ORM\Query.php(1099): Cake\ORM\Query->_all()
#17 C:\Ampps39\www\420-5b7\section_1\CakeCmsTuto_v0_1_1_github\vendor\cakephp\cakephp\src\Datasource\Paginator.php(173): Cake\ORM\Query->all()
#18 C:\Ampps39\www\420-5b7\section_1\CakeCmsTuto_v0_1_1_github\vendor\cakephp\cakephp\src\Controller\Component\PaginatorComponent.php(198): Cake\Datasource\Paginator->paginate(Object(App\Model\Table\ArticlesTable), Array, Array)
#19 C:\Ampps39\www\420-5b7\section_1\CakeCmsTuto_v0_1_1_github\src\Controller\ArticlesController.php(32): Cake\Controller\Component\PaginatorComponent->paginate(Object(Cake\ORM\Query))
#20 C:\Ampps39\www\420-5b7\section_1\CakeCmsTuto_v0_1_1_github\vendor\cakephp\cakephp\src\Controller\Controller.php(606): App\Controller\ArticlesController->index()
#21 C:\Ampps39\www\420-5b7\section_1\CakeCmsTuto_v0_1_1_github\vendor\cakephp\cakephp\src\Http\ActionDispatcher.php(120): Cake\Controller\Controller->invokeAction()
#22 C:\Ampps39\www\420-5b7\section_1\CakeCmsTuto_v0_1_1_github\vendor\cakephp\cakephp\src\Http\ActionDispatcher.php(94): Cake\Http\ActionDispatcher->_invoke(Object(App\Controller\ArticlesController))
#23 C:\Ampps39\www\420-5b7\section_1\CakeCmsTuto_v0_1_1_github\vendor\cakephp\cakephp\src\Http\BaseApplication.php(256): Cake\Http\ActionDispatcher->dispatch(Object(Cake\Http\ServerRequest), Object(Cake\Http\Response))
#24 C:\Ampps39\www\420-5b7\section_1\CakeCmsTuto_v0_1_1_github\vendor\cakephp\cakephp\src\Http\Runner.php(65): Cake\Http\BaseApplication->__invoke(Object(Cake\Http\ServerRequest), Object(Cake\Http\Response), Object(Cake\Http\Runner))
#25 C:\Ampps39\www\420-5b7\section_1\CakeCmsTuto_v0_1_1_github\vendor\cakephp\cakephp\src\Http\Runner.php(65): Cake\Http\Runner->__invoke(Object(Cake\Http\ServerRequest), Object(Cake\Http\Response), Object(Cake\Http\Runner))
#26 C:\Ampps39\www\420-5b7\section_1\CakeCmsTuto_v0_1_1_github\vendor\cakephp\cakephp\src\Http\Middleware\CsrfProtectionMiddleware.php(124): Cake\Http\Runner->__invoke(Object(Cake\Http\ServerRequest), Object(Cake\Http\Response))
#27 C:\Ampps39\www\420-5b7\section_1\CakeCmsTuto_v0_1_1_github\vendor\cakephp\cakephp\src\Http\Runner.php(65): Cake\Http\Middleware\CsrfProtectionMiddleware->__invoke(Object(Cake\Http\ServerRequest), Object(Cake\Http\Response), Object(Cake\Http\Runner))
#28 C:\Ampps39\www\420-5b7\section_1\CakeCmsTuto_v0_1_1_github\vendor\cakephp\cakephp\src\Http\Runner.php(51): Cake\Http\Runner->__invoke(Object(Cake\Http\ServerRequest), Object(Cake\Http\Response))
#29 C:\Ampps39\www\420-5b7\section_1\CakeCmsTuto_v0_1_1_github\vendor\cakephp\cakephp\src\Routing\Middleware\RoutingMiddleware.php(170): Cake\Http\Runner->run(Object(Cake\Http\MiddlewareQueue), Object(Cake\Http\ServerRequest), Object(Cake\Http\Response))
#30 C:\Ampps39\www\420-5b7\section_1\CakeCmsTuto_v0_1_1_github\vendor\cakephp\cakephp\src\Http\Runner.php(65): Cake\Routing\Middleware\RoutingMiddleware->__invoke(Object(Cake\Http\ServerRequest), Object(Cake\Http\Response), Object(Cake\Http\Runner))
#31 C:\Ampps39\www\420-5b7\section_1\CakeCmsTuto_v0_1_1_github\vendor\cakephp\cakephp\src\Routing\Middleware\AssetMiddleware.php(88): Cake\Http\Runner->__invoke(Object(Cake\Http\ServerRequest), Object(Cake\Http\Response))
#32 C:\Ampps39\www\420-5b7\section_1\CakeCmsTuto_v0_1_1_github\vendor\cakephp\cakephp\src\Http\Runner.php(65): Cake\Routing\Middleware\AssetMiddleware->__invoke(Object(Cake\Http\ServerRequest), Object(Cake\Http\Response), Object(Cake\Http\Runner))
#33 C:\Ampps39\www\420-5b7\section_1\CakeCmsTuto_v0_1_1_github\vendor\cakephp\cakephp\src\Error\Middleware\ErrorHandlerMiddleware.php(96): Cake\Http\Runner->__invoke(Object(Cake\Http\ServerRequest), Object(Cake\Http\Response))
#34 C:\Ampps39\www\420-5b7\section_1\CakeCmsTuto_v0_1_1_github\vendor\cakephp\cakephp\src\Http\Runner.php(65): Cake\Error\Middleware\ErrorHandlerMiddleware->__invoke(Object(Cake\Http\ServerRequest), Object(Cake\Http\Response), Object(Cake\Http\Runner))
#35 C:\Ampps39\www\420-5b7\section_1\CakeCmsTuto_v0_1_1_github\vendor\cakephp\debug_kit\src\Middleware\DebugKitMiddleware.php(53): Cake\Http\Runner->__invoke(Object(Cake\Http\ServerRequest), Object(Cake\Http\Response))
#36 C:\Ampps39\www\420-5b7\section_1\CakeCmsTuto_v0_1_1_github\vendor\cakephp\cakephp\src\Http\Runner.php(65): DebugKit\Middleware\DebugKitMiddleware->__invoke(Object(Cake\Http\ServerRequest), Object(Cake\Http\Response), Object(Cake\Http\Runner))
#37 C:\Ampps39\www\420-5b7\section_1\CakeCmsTuto_v0_1_1_github\vendor\cakephp\cakephp\src\Http\Runner.php(51): Cake\Http\Runner->__invoke(Object(Cake\Http\ServerRequest), Object(Cake\Http\Response))
#38 C:\Ampps39\www\420-5b7\section_1\CakeCmsTuto_v0_1_1_github\vendor\cakephp\cakephp\src\Http\Server.php(97): Cake\Http\Runner->run(Object(Cake\Http\MiddlewareQueue), Object(Cake\Http\ServerRequest), Object(Cake\Http\Response))
#39 C:\Ampps39\www\420-5b7\section_1\CakeCmsTuto_v0_1_1_github\webroot\index.php(40): Cake\Http\Server->run()
#40 {main}
Request URL: /articles
Referer URL: http://localhost/420-5b7/section_1/CakeCmsTuto_v0_1_1_github/users


2020-09-02 17:37:38 Error: [InvalidArgumentException] The Articles association is not defined on Articles. (C:\Ampps39\www\420-5b7\section_1\CakeCmsTuto_v0_1_1_github\vendor\cakephp\cakephp\src\ORM\Table.php:1013)
#0 C:\Ampps39\www\420-5b7\section_1\CakeCmsTuto_v0_1_1_github\vendor\cakephp\cakephp\src\ORM\EagerLoader.php(550): Cake\ORM\Table->getAssociation('Articles')
#1 C:\Ampps39\www\420-5b7\section_1\CakeCmsTuto_v0_1_1_github\vendor\cakephp\cakephp\src\ORM\EagerLoader.php(376): Cake\ORM\EagerLoader->_normalizeContain(Object(App\Model\Table\ArticlesTable), 'Articles', Array, Array)
#2 C:\Ampps39\www\420-5b7\section_1\CakeCmsTuto_v0_1_1_github\vendor\cakephp\cakephp\src\ORM\EagerLoader.php(506): Cake\ORM\EagerLoader->normalized(Object(App\Model\Table\ArticlesTable))
#3 C:\Ampps39\www\420-5b7\section_1\CakeCmsTuto_v0_1_1_github\vendor\cakephp\cakephp\src\ORM\EagerLoader.php(477): Cake\ORM\EagerLoader->attachableAssociations(Object(App\Model\Table\ArticlesTable))
#4 C:\Ampps39\www\420-5b7\section_1\CakeCmsTuto_v0_1_1_github\vendor\cakephp\cakephp\src\ORM\Query.php(1185): Cake\ORM\EagerLoader->attachAssociations(Object(Cake\ORM\Query), Object(App\Model\Table\ArticlesTable), true)
#5 C:\Ampps39\www\420-5b7\section_1\CakeCmsTuto_v0_1_1_github\vendor\cakephp\cakephp\src\ORM\Query.php(1134): Cake\ORM\Query->_transformQuery()
#6 C:\Ampps39\www\420-5b7\section_1\CakeCmsTuto_v0_1_1_github\vendor\cakephp\cakephp\src\Database\Driver\Mysql.php(137): Cake\ORM\Query->sql()
#7 C:\Ampps39\www\420-5b7\section_1\CakeCmsTuto_v0_1_1_github\vendor\cakephp\cakephp\src\Database\Connection.php(283): Cake\Database\Driver\Mysql->prepare(Object(Cake\ORM\Query))
#8 C:\Ampps39\www\420-5b7\section_1\CakeCmsTuto_v0_1_1_github\vendor\cakephp\cakephp\src\Core\Retry\CommandRetry.php(67): Cake\Database\Connection->Cake\Database\{closure}()
#9 C:\Ampps39\www\420-5b7\section_1\CakeCmsTuto_v0_1_1_github\vendor\cakephp\cakephp\src\Database\Connection.php(290): Cake\Core\Retry\CommandRetry->run(Object(Closure))
#10 C:\Ampps39\www\420-5b7\section_1\CakeCmsTuto_v0_1_1_github\vendor\cakephp\cakephp\src\Database\Connection.php(340): Cake\Database\Connection->prepare(Object(Cake\ORM\Query))
#11 C:\Ampps39\www\420-5b7\section_1\CakeCmsTuto_v0_1_1_github\vendor\cakephp\cakephp\src\Core\Retry\CommandRetry.php(67): Cake\Database\Connection->Cake\Database\{closure}()
#12 C:\Ampps39\www\420-5b7\section_1\CakeCmsTuto_v0_1_1_github\vendor\cakephp\cakephp\src\Database\Connection.php(345): Cake\Core\Retry\CommandRetry->run(Object(Closure))
#13 C:\Ampps39\www\420-5b7\section_1\CakeCmsTuto_v0_1_1_github\vendor\cakephp\cakephp\src\Database\Query.php(218): Cake\Database\Connection->run(Object(Cake\ORM\Query))
#14 C:\Ampps39\www\420-5b7\section_1\CakeCmsTuto_v0_1_1_github\vendor\cakephp\cakephp\src\ORM\Query.php(1155): Cake\Database\Query->execute()
#15 C:\Ampps39\www\420-5b7\section_1\CakeCmsTuto_v0_1_1_github\vendor\cakephp\cakephp\src\Datasource\QueryTrait.php(310): Cake\ORM\Query->_execute()
#16 C:\Ampps39\www\420-5b7\section_1\CakeCmsTuto_v0_1_1_github\vendor\cakephp\cakephp\src\ORM\Query.php(1099): Cake\ORM\Query->_all()
#17 C:\Ampps39\www\420-5b7\section_1\CakeCmsTuto_v0_1_1_github\vendor\cakephp\cakephp\src\Datasource\Paginator.php(173): Cake\ORM\Query->all()
#18 C:\Ampps39\www\420-5b7\section_1\CakeCmsTuto_v0_1_1_github\vendor\cakephp\cakephp\src\Controller\Component\PaginatorComponent.php(198): Cake\Datasource\Paginator->paginate(Object(App\Model\Table\ArticlesTable), Array, Array)
#19 C:\Ampps39\www\420-5b7\section_1\CakeCmsTuto_v0_1_1_github\src\Controller\ArticlesController.php(32): Cake\Controller\Component\PaginatorComponent->paginate(Object(Cake\ORM\Query))
#20 C:\Ampps39\www\420-5b7\section_1\CakeCmsTuto_v0_1_1_github\vendor\cakephp\cakephp\src\Controller\Controller.php(606): App\Controller\ArticlesController->index()
#21 C:\Ampps39\www\420-5b7\section_1\CakeCmsTuto_v0_1_1_github\vendor\cakephp\cakephp\src\Http\ActionDispatcher.php(120): Cake\Controller\Controller->invokeAction()
#22 C:\Ampps39\www\420-5b7\section_1\CakeCmsTuto_v0_1_1_github\vendor\cakephp\cakephp\src\Http\ActionDispatcher.php(94): Cake\Http\ActionDispatcher->_invoke(Object(App\Controller\ArticlesController))
#23 C:\Ampps39\www\420-5b7\section_1\CakeCmsTuto_v0_1_1_github\vendor\cakephp\cakephp\src\Http\BaseApplication.php(256): Cake\Http\ActionDispatcher->dispatch(Object(Cake\Http\ServerRequest), Object(Cake\Http\Response))
#24 C:\Ampps39\www\420-5b7\section_1\CakeCmsTuto_v0_1_1_github\vendor\cakephp\cakephp\src\Http\Runner.php(65): Cake\Http\BaseApplication->__invoke(Object(Cake\Http\ServerRequest), Object(Cake\Http\Response), Object(Cake\Http\Runner))
#25 C:\Ampps39\www\420-5b7\section_1\CakeCmsTuto_v0_1_1_github\vendor\cakephp\cakephp\src\Http\Runner.php(65): Cake\Http\Runner->__invoke(Object(Cake\Http\ServerRequest), Object(Cake\Http\Response), Object(Cake\Http\Runner))
#26 C:\Ampps39\www\420-5b7\section_1\CakeCmsTuto_v0_1_1_github\vendor\cakephp\cakephp\src\Http\Middleware\CsrfProtectionMiddleware.php(124): Cake\Http\Runner->__invoke(Object(Cake\Http\ServerRequest), Object(Cake\Http\Response))
#27 C:\Ampps39\www\420-5b7\section_1\CakeCmsTuto_v0_1_1_github\vendor\cakephp\cakephp\src\Http\Runner.php(65): Cake\Http\Middleware\CsrfProtectionMiddleware->__invoke(Object(Cake\Http\ServerRequest), Object(Cake\Http\Response), Object(Cake\Http\Runner))
#28 C:\Ampps39\www\420-5b7\section_1\CakeCmsTuto_v0_1_1_github\vendor\cakephp\cakephp\src\Http\Runner.php(51): Cake\Http\Runner->__invoke(Object(Cake\Http\ServerRequest), Object(Cake\Http\Response))
#29 C:\Ampps39\www\420-5b7\section_1\CakeCmsTuto_v0_1_1_github\vendor\cakephp\cakephp\src\Routing\Middleware\RoutingMiddleware.php(170): Cake\Http\Runner->run(Object(Cake\Http\MiddlewareQueue), Object(Cake\Http\ServerRequest), Object(Cake\Http\Response))
#30 C:\Ampps39\www\420-5b7\section_1\CakeCmsTuto_v0_1_1_github\vendor\cakephp\cakephp\src\Http\Runner.php(65): Cake\Routing\Middleware\RoutingMiddleware->__invoke(Object(Cake\Http\ServerRequest), Object(Cake\Http\Response), Object(Cake\Http\Runner))
#31 C:\Ampps39\www\420-5b7\section_1\CakeCmsTuto_v0_1_1_github\vendor\cakephp\cakephp\src\Routing\Middleware\AssetMiddleware.php(88): Cake\Http\Runner->__invoke(Object(Cake\Http\ServerRequest), Object(Cake\Http\Response))
#32 C:\Ampps39\www\420-5b7\section_1\CakeCmsTuto_v0_1_1_github\vendor\cakephp\cakephp\src\Http\Runner.php(65): Cake\Routing\Middleware\AssetMiddleware->__invoke(Object(Cake\Http\ServerRequest), Object(Cake\Http\Response), Object(Cake\Http\Runner))
#33 C:\Ampps39\www\420-5b7\section_1\CakeCmsTuto_v0_1_1_github\vendor\cakephp\cakephp\src\Error\Middleware\ErrorHandlerMiddleware.php(96): Cake\Http\Runner->__invoke(Object(Cake\Http\ServerRequest), Object(Cake\Http\Response))
#34 C:\Ampps39\www\420-5b7\section_1\CakeCmsTuto_v0_1_1_github\vendor\cakephp\cakephp\src\Http\Runner.php(65): Cake\Error\Middleware\ErrorHandlerMiddleware->__invoke(Object(Cake\Http\ServerRequest), Object(Cake\Http\Response), Object(Cake\Http\Runner))
#35 C:\Ampps39\www\420-5b7\section_1\CakeCmsTuto_v0_1_1_github\vendor\cakephp\debug_kit\src\Middleware\DebugKitMiddleware.php(53): Cake\Http\Runner->__invoke(Object(Cake\Http\ServerRequest), Object(Cake\Http\Response))
#36 C:\Ampps39\www\420-5b7\section_1\CakeCmsTuto_v0_1_1_github\vendor\cakephp\cakephp\src\Http\Runner.php(65): DebugKit\Middleware\DebugKitMiddleware->__invoke(Object(Cake\Http\ServerRequest), Object(Cake\Http\Response), Object(Cake\Http\Runner))
#37 C:\Ampps39\www\420-5b7\section_1\CakeCmsTuto_v0_1_1_github\vendor\cakephp\cakephp\src\Http\Runner.php(51): Cake\Http\Runner->__invoke(Object(Cake\Http\ServerRequest), Object(Cake\Http\Response))
#38 C:\Ampps39\www\420-5b7\section_1\CakeCmsTuto_v0_1_1_github\vendor\cakephp\cakephp\src\Http\Server.php(97): Cake\Http\Runner->run(Object(Cake\Http\MiddlewareQueue), Object(Cake\Http\ServerRequest), Object(Cake\Http\Response))
#39 C:\Ampps39\www\420-5b7\section_1\CakeCmsTuto_v0_1_1_github\webroot\index.php(40): Cake\Http\Server->run()
#40 {main}
Request URL: /articles
Referer URL: http://localhost/420-5b7/section_1/CakeCmsTuto_v0_1_1_github/users


2020-09-02 17:37:56 Error: [InvalidArgumentException] The Articles association is not defined on Articles. (C:\Ampps39\www\420-5b7\section_1\CakeCmsTuto_v0_1_1_github\vendor\cakephp\cakephp\src\ORM\Table.php:1013)
#0 C:\Ampps39\www\420-5b7\section_1\CakeCmsTuto_v0_1_1_github\vendor\cakephp\cakephp\src\ORM\EagerLoader.php(550): Cake\ORM\Table->getAssociation('Articles')
#1 C:\Ampps39\www\420-5b7\section_1\CakeCmsTuto_v0_1_1_github\vendor\cakephp\cakephp\src\ORM\EagerLoader.php(376): Cake\ORM\EagerLoader->_normalizeContain(Object(App\Model\Table\ArticlesTable), 'Articles', Array, Array)
#2 C:\Ampps39\www\420-5b7\section_1\CakeCmsTuto_v0_1_1_github\vendor\cakephp\cakephp\src\ORM\EagerLoader.php(506): Cake\ORM\EagerLoader->normalized(Object(App\Model\Table\ArticlesTable))
#3 C:\Ampps39\www\420-5b7\section_1\CakeCmsTuto_v0_1_1_github\vendor\cakephp\cakephp\src\ORM\EagerLoader.php(477): Cake\ORM\EagerLoader->attachableAssociations(Object(App\Model\Table\ArticlesTable))
#4 C:\Ampps39\www\420-5b7\section_1\CakeCmsTuto_v0_1_1_github\vendor\cakephp\cakephp\src\ORM\Query.php(1185): Cake\ORM\EagerLoader->attachAssociations(Object(Cake\ORM\Query), Object(App\Model\Table\ArticlesTable), true)
#5 C:\Ampps39\www\420-5b7\section_1\CakeCmsTuto_v0_1_1_github\vendor\cakephp\cakephp\src\ORM\Query.php(1134): Cake\ORM\Query->_transformQuery()
#6 C:\Ampps39\www\420-5b7\section_1\CakeCmsTuto_v0_1_1_github\vendor\cakephp\cakephp\src\Database\Driver\Mysql.php(137): Cake\ORM\Query->sql()
#7 C:\Ampps39\www\420-5b7\section_1\CakeCmsTuto_v0_1_1_github\vendor\cakephp\cakephp\src\Database\Connection.php(283): Cake\Database\Driver\Mysql->prepare(Object(Cake\ORM\Query))
#8 C:\Ampps39\www\420-5b7\section_1\CakeCmsTuto_v0_1_1_github\vendor\cakephp\cakephp\src\Core\Retry\CommandRetry.php(67): Cake\Database\Connection->Cake\Database\{closure}()
#9 C:\Ampps39\www\420-5b7\section_1\CakeCmsTuto_v0_1_1_github\vendor\cakephp\cakephp\src\Database\Connection.php(290): Cake\Core\Retry\CommandRetry->run(Object(Closure))
#10 C:\Ampps39\www\420-5b7\section_1\CakeCmsTuto_v0_1_1_github\vendor\cakephp\cakephp\src\Database\Connection.php(340): Cake\Database\Connection->prepare(Object(Cake\ORM\Query))
#11 C:\Ampps39\www\420-5b7\section_1\CakeCmsTuto_v0_1_1_github\vendor\cakephp\cakephp\src\Core\Retry\CommandRetry.php(67): Cake\Database\Connection->Cake\Database\{closure}()
#12 C:\Ampps39\www\420-5b7\section_1\CakeCmsTuto_v0_1_1_github\vendor\cakephp\cakephp\src\Database\Connection.php(345): Cake\Core\Retry\CommandRetry->run(Object(Closure))
#13 C:\Ampps39\www\420-5b7\section_1\CakeCmsTuto_v0_1_1_github\vendor\cakephp\cakephp\src\Database\Query.php(218): Cake\Database\Connection->run(Object(Cake\ORM\Query))
#14 C:\Ampps39\www\420-5b7\section_1\CakeCmsTuto_v0_1_1_github\vendor\cakephp\cakephp\src\ORM\Query.php(1155): Cake\Database\Query->execute()
#15 C:\Ampps39\www\420-5b7\section_1\CakeCmsTuto_v0_1_1_github\vendor\cakephp\cakephp\src\Datasource\QueryTrait.php(310): Cake\ORM\Query->_execute()
#16 C:\Ampps39\www\420-5b7\section_1\CakeCmsTuto_v0_1_1_github\vendor\cakephp\cakephp\src\ORM\Query.php(1099): Cake\ORM\Query->_all()
#17 C:\Ampps39\www\420-5b7\section_1\CakeCmsTuto_v0_1_1_github\vendor\cakephp\cakephp\src\Datasource\Paginator.php(173): Cake\ORM\Query->all()
#18 C:\Ampps39\www\420-5b7\section_1\CakeCmsTuto_v0_1_1_github\vendor\cakephp\cakephp\src\Controller\Component\PaginatorComponent.php(198): Cake\Datasource\Paginator->paginate(Object(App\Model\Table\ArticlesTable), Array, Array)
#19 C:\Ampps39\www\420-5b7\section_1\CakeCmsTuto_v0_1_1_github\src\Controller\ArticlesController.php(32): Cake\Controller\Component\PaginatorComponent->paginate(Object(Cake\ORM\Query))
#20 C:\Ampps39\www\420-5b7\section_1\CakeCmsTuto_v0_1_1_github\vendor\cakephp\cakephp\src\Controller\Controller.php(606): App\Controller\ArticlesController->index()
#21 C:\Ampps39\www\420-5b7\section_1\CakeCmsTuto_v0_1_1_github\vendor\cakephp\cakephp\src\Http\ActionDispatcher.php(120): Cake\Controller\Controller->invokeAction()
#22 C:\Ampps39\www\420-5b7\section_1\CakeCmsTuto_v0_1_1_github\vendor\cakephp\cakephp\src\Http\ActionDispatcher.php(94): Cake\Http\ActionDispatcher->_invoke(Object(App\Controller\ArticlesController))
#23 C:\Ampps39\www\420-5b7\section_1\CakeCmsTuto_v0_1_1_github\vendor\cakephp\cakephp\src\Http\BaseApplication.php(256): Cake\Http\ActionDispatcher->dispatch(Object(Cake\Http\ServerRequest), Object(Cake\Http\Response))
#24 C:\Ampps39\www\420-5b7\section_1\CakeCmsTuto_v0_1_1_github\vendor\cakephp\cakephp\src\Http\Runner.php(65): Cake\Http\BaseApplication->__invoke(Object(Cake\Http\ServerRequest), Object(Cake\Http\Response), Object(Cake\Http\Runner))
#25 C:\Ampps39\www\420-5b7\section_1\CakeCmsTuto_v0_1_1_github\vendor\cakephp\cakephp\src\Http\Runner.php(65): Cake\Http\Runner->__invoke(Object(Cake\Http\ServerRequest), Object(Cake\Http\Response), Object(Cake\Http\Runner))
#26 C:\Ampps39\www\420-5b7\section_1\CakeCmsTuto_v0_1_1_github\vendor\cakephp\cakephp\src\Http\Middleware\CsrfProtectionMiddleware.php(124): Cake\Http\Runner->__invoke(Object(Cake\Http\ServerRequest), Object(Cake\Http\Response))
#27 C:\Ampps39\www\420-5b7\section_1\CakeCmsTuto_v0_1_1_github\vendor\cakephp\cakephp\src\Http\Runner.php(65): Cake\Http\Middleware\CsrfProtectionMiddleware->__invoke(Object(Cake\Http\ServerRequest), Object(Cake\Http\Response), Object(Cake\Http\Runner))
#28 C:\Ampps39\www\420-5b7\section_1\CakeCmsTuto_v0_1_1_github\vendor\cakephp\cakephp\src\Http\Runner.php(51): Cake\Http\Runner->__invoke(Object(Cake\Http\ServerRequest), Object(Cake\Http\Response))
#29 C:\Ampps39\www\420-5b7\section_1\CakeCmsTuto_v0_1_1_github\vendor\cakephp\cakephp\src\Routing\Middleware\RoutingMiddleware.php(170): Cake\Http\Runner->run(Object(Cake\Http\MiddlewareQueue), Object(Cake\Http\ServerRequest), Object(Cake\Http\Response))
#30 C:\Ampps39\www\420-5b7\section_1\CakeCmsTuto_v0_1_1_github\vendor\cakephp\cakephp\src\Http\Runner.php(65): Cake\Routing\Middleware\RoutingMiddleware->__invoke(Object(Cake\Http\ServerRequest), Object(Cake\Http\Response), Object(Cake\Http\Runner))
#31 C:\Ampps39\www\420-5b7\section_1\CakeCmsTuto_v0_1_1_github\vendor\cakephp\cakephp\src\Routing\Middleware\AssetMiddleware.php(88): Cake\Http\Runner->__invoke(Object(Cake\Http\ServerRequest), Object(Cake\Http\Response))
#32 C:\Ampps39\www\420-5b7\section_1\CakeCmsTuto_v0_1_1_github\vendor\cakephp\cakephp\src\Http\Runner.php(65): Cake\Routing\Middleware\AssetMiddleware->__invoke(Object(Cake\Http\ServerRequest), Object(Cake\Http\Response), Object(Cake\Http\Runner))
#33 C:\Ampps39\www\420-5b7\section_1\CakeCmsTuto_v0_1_1_github\vendor\cakephp\cakephp\src\Error\Middleware\ErrorHandlerMiddleware.php(96): Cake\Http\Runner->__invoke(Object(Cake\Http\ServerRequest), Object(Cake\Http\Response))
#34 C:\Ampps39\www\420-5b7\section_1\CakeCmsTuto_v0_1_1_github\vendor\cakephp\cakephp\src\Http\Runner.php(65): Cake\Error\Middleware\ErrorHandlerMiddleware->__invoke(Object(Cake\Http\ServerRequest), Object(Cake\Http\Response), Object(Cake\Http\Runner))
#35 C:\Ampps39\www\420-5b7\section_1\CakeCmsTuto_v0_1_1_github\vendor\cakephp\debug_kit\src\Middleware\DebugKitMiddleware.php(53): Cake\Http\Runner->__invoke(Object(Cake\Http\ServerRequest), Object(Cake\Http\Response))
#36 C:\Ampps39\www\420-5b7\section_1\CakeCmsTuto_v0_1_1_github\vendor\cakephp\cakephp\src\Http\Runner.php(65): DebugKit\Middleware\DebugKitMiddleware->__invoke(Object(Cake\Http\ServerRequest), Object(Cake\Http\Response), Object(Cake\Http\Runner))
#37 C:\Ampps39\www\420-5b7\section_1\CakeCmsTuto_v0_1_1_github\vendor\cakephp\cakephp\src\Http\Runner.php(51): Cake\Http\Runner->__invoke(Object(Cake\Http\ServerRequest), Object(Cake\Http\Response))
#38 C:\Ampps39\www\420-5b7\section_1\CakeCmsTuto_v0_1_1_github\vendor\cakephp\cakephp\src\Http\Server.php(97): Cake\Http\Runner->run(Object(Cake\Http\MiddlewareQueue), Object(Cake\Http\ServerRequest), Object(Cake\Http\Response))
#39 C:\Ampps39\www\420-5b7\section_1\CakeCmsTuto_v0_1_1_github\webroot\index.php(40): Cake\Http\Server->run()
#40 {main}
Request URL: /articles
Referer URL: http://localhost/420-5b7/section_1/CakeCmsTuto_v0_1_1_github/users


2020-09-02 17:39:11 Error: [InvalidArgumentException] The Articles association is not defined on Articles. (C:\Ampps39\www\420-5b7\section_1\CakeCmsTuto_v0_1_1_github\vendor\cakephp\cakephp\src\ORM\Table.php:1013)
#0 C:\Ampps39\www\420-5b7\section_1\CakeCmsTuto_v0_1_1_github\vendor\cakephp\cakephp\src\ORM\EagerLoader.php(550): Cake\ORM\Table->getAssociation('Articles')
#1 C:\Ampps39\www\420-5b7\section_1\CakeCmsTuto_v0_1_1_github\vendor\cakephp\cakephp\src\ORM\EagerLoader.php(376): Cake\ORM\EagerLoader->_normalizeContain(Object(App\Model\Table\ArticlesTable), 'Articles', Array, Array)
#2 C:\Ampps39\www\420-5b7\section_1\CakeCmsTuto_v0_1_1_github\vendor\cakephp\cakephp\src\ORM\EagerLoader.php(506): Cake\ORM\EagerLoader->normalized(Object(App\Model\Table\ArticlesTable))
#3 C:\Ampps39\www\420-5b7\section_1\CakeCmsTuto_v0_1_1_github\vendor\cakephp\cakephp\src\ORM\EagerLoader.php(477): Cake\ORM\EagerLoader->attachableAssociations(Object(App\Model\Table\ArticlesTable))
#4 C:\Ampps39\www\420-5b7\section_1\CakeCmsTuto_v0_1_1_github\vendor\cakephp\cakephp\src\ORM\Query.php(1185): Cake\ORM\EagerLoader->attachAssociations(Object(Cake\ORM\Query), Object(App\Model\Table\ArticlesTable), true)
#5 C:\Ampps39\www\420-5b7\section_1\CakeCmsTuto_v0_1_1_github\vendor\cakephp\cakephp\src\ORM\Query.php(1134): Cake\ORM\Query->_transformQuery()
#6 C:\Ampps39\www\420-5b7\section_1\CakeCmsTuto_v0_1_1_github\vendor\cakephp\cakephp\src\Database\Driver\Mysql.php(137): Cake\ORM\Query->sql()
#7 C:\Ampps39\www\420-5b7\section_1\CakeCmsTuto_v0_1_1_github\vendor\cakephp\cakephp\src\Database\Connection.php(283): Cake\Database\Driver\Mysql->prepare(Object(Cake\ORM\Query))
#8 C:\Ampps39\www\420-5b7\section_1\CakeCmsTuto_v0_1_1_github\vendor\cakephp\cakephp\src\Core\Retry\CommandRetry.php(67): Cake\Database\Connection->Cake\Database\{closure}()
#9 C:\Ampps39\www\420-5b7\section_1\CakeCmsTuto_v0_1_1_github\vendor\cakephp\cakephp\src\Database\Connection.php(290): Cake\Core\Retry\CommandRetry->run(Object(Closure))
#10 C:\Ampps39\www\420-5b7\section_1\CakeCmsTuto_v0_1_1_github\vendor\cakephp\cakephp\src\Database\Connection.php(340): Cake\Database\Connection->prepare(Object(Cake\ORM\Query))
#11 C:\Ampps39\www\420-5b7\section_1\CakeCmsTuto_v0_1_1_github\vendor\cakephp\cakephp\src\Core\Retry\CommandRetry.php(67): Cake\Database\Connection->Cake\Database\{closure}()
#12 C:\Ampps39\www\420-5b7\section_1\CakeCmsTuto_v0_1_1_github\vendor\cakephp\cakephp\src\Database\Connection.php(345): Cake\Core\Retry\CommandRetry->run(Object(Closure))
#13 C:\Ampps39\www\420-5b7\section_1\CakeCmsTuto_v0_1_1_github\vendor\cakephp\cakephp\src\Database\Query.php(218): Cake\Database\Connection->run(Object(Cake\ORM\Query))
#14 C:\Ampps39\www\420-5b7\section_1\CakeCmsTuto_v0_1_1_github\vendor\cakephp\cakephp\src\ORM\Query.php(1155): Cake\Database\Query->execute()
#15 C:\Ampps39\www\420-5b7\section_1\CakeCmsTuto_v0_1_1_github\vendor\cakephp\cakephp\src\Datasource\QueryTrait.php(310): Cake\ORM\Query->_execute()
#16 C:\Ampps39\www\420-5b7\section_1\CakeCmsTuto_v0_1_1_github\vendor\cakephp\cakephp\src\ORM\Query.php(1099): Cake\ORM\Query->_all()
#17 C:\Ampps39\www\420-5b7\section_1\CakeCmsTuto_v0_1_1_github\vendor\cakephp\cakephp\src\Datasource\Paginator.php(173): Cake\ORM\Query->all()
#18 C:\Ampps39\www\420-5b7\section_1\CakeCmsTuto_v0_1_1_github\vendor\cakephp\cakephp\src\Controller\Component\PaginatorComponent.php(198): Cake\Datasource\Paginator->paginate(Object(App\Model\Table\ArticlesTable), Array, Array)
#19 C:\Ampps39\www\420-5b7\section_1\CakeCmsTuto_v0_1_1_github\src\Controller\ArticlesController.php(32): Cake\Controller\Component\PaginatorComponent->paginate(Object(Cake\ORM\Query))
#20 C:\Ampps39\www\420-5b7\section_1\CakeCmsTuto_v0_1_1_github\vendor\cakephp\cakephp\src\Controller\Controller.php(606): App\Controller\ArticlesController->index()
#21 C:\Ampps39\www\420-5b7\section_1\CakeCmsTuto_v0_1_1_github\vendor\cakephp\cakephp\src\Http\ActionDispatcher.php(120): Cake\Controller\Controller->invokeAction()
#22 C:\Ampps39\www\420-5b7\section_1\CakeCmsTuto_v0_1_1_github\vendor\cakephp\cakephp\src\Http\ActionDispatcher.php(94): Cake\Http\ActionDispatcher->_invoke(Object(App\Controller\ArticlesController))
#23 C:\Ampps39\www\420-5b7\section_1\CakeCmsTuto_v0_1_1_github\vendor\cakephp\cakephp\src\Http\BaseApplication.php(256): Cake\Http\ActionDispatcher->dispatch(Object(Cake\Http\ServerRequest), Object(Cake\Http\Response))
#24 C:\Ampps39\www\420-5b7\section_1\CakeCmsTuto_v0_1_1_github\vendor\cakephp\cakephp\src\Http\Runner.php(65): Cake\Http\BaseApplication->__invoke(Object(Cake\Http\ServerRequest), Object(Cake\Http\Response), Object(Cake\Http\Runner))
#25 C:\Ampps39\www\420-5b7\section_1\CakeCmsTuto_v0_1_1_github\vendor\cakephp\cakephp\src\Http\Runner.php(65): Cake\Http\Runner->__invoke(Object(Cake\Http\ServerRequest), Object(Cake\Http\Response), Object(Cake\Http\Runner))
#26 C:\Ampps39\www\420-5b7\section_1\CakeCmsTuto_v0_1_1_github\vendor\cakephp\cakephp\src\Http\Middleware\CsrfProtectionMiddleware.php(124): Cake\Http\Runner->__invoke(Object(Cake\Http\ServerRequest), Object(Cake\Http\Response))
#27 C:\Ampps39\www\420-5b7\section_1\CakeCmsTuto_v0_1_1_github\vendor\cakephp\cakephp\src\Http\Runner.php(65): Cake\Http\Middleware\CsrfProtectionMiddleware->__invoke(Object(Cake\Http\ServerRequest), Object(Cake\Http\Response), Object(Cake\Http\Runner))
#28 C:\Ampps39\www\420-5b7\section_1\CakeCmsTuto_v0_1_1_github\vendor\cakephp\cakephp\src\Http\Runner.php(51): Cake\Http\Runner->__invoke(Object(Cake\Http\ServerRequest), Object(Cake\Http\Response))
#29 C:\Ampps39\www\420-5b7\section_1\CakeCmsTuto_v0_1_1_github\vendor\cakephp\cakephp\src\Routing\Middleware\RoutingMiddleware.php(170): Cake\Http\Runner->run(Object(Cake\Http\MiddlewareQueue), Object(Cake\Http\ServerRequest), Object(Cake\Http\Response))
#30 C:\Ampps39\www\420-5b7\section_1\CakeCmsTuto_v0_1_1_github\vendor\cakephp\cakephp\src\Http\Runner.php(65): Cake\Routing\Middleware\RoutingMiddleware->__invoke(Object(Cake\Http\ServerRequest), Object(Cake\Http\Response), Object(Cake\Http\Runner))
#31 C:\Ampps39\www\420-5b7\section_1\CakeCmsTuto_v0_1_1_github\vendor\cakephp\cakephp\src\Routing\Middleware\AssetMiddleware.php(88): Cake\Http\Runner->__invoke(Object(Cake\Http\ServerRequest), Object(Cake\Http\Response))
#32 C:\Ampps39\www\420-5b7\section_1\CakeCmsTuto_v0_1_1_github\vendor\cakephp\cakephp\src\Http\Runner.php(65): Cake\Routing\Middleware\AssetMiddleware->__invoke(Object(Cake\Http\ServerRequest), Object(Cake\Http\Response), Object(Cake\Http\Runner))
#33 C:\Ampps39\www\420-5b7\section_1\CakeCmsTuto_v0_1_1_github\vendor\cakephp\cakephp\src\Error\Middleware\ErrorHandlerMiddleware.php(96): Cake\Http\Runner->__invoke(Object(Cake\Http\ServerRequest), Object(Cake\Http\Response))
#34 C:\Ampps39\www\420-5b7\section_1\CakeCmsTuto_v0_1_1_github\vendor\cakephp\cakephp\src\Http\Runner.php(65): Cake\Error\Middleware\ErrorHandlerMiddleware->__invoke(Object(Cake\Http\ServerRequest), Object(Cake\Http\Response), Object(Cake\Http\Runner))
#35 C:\Ampps39\www\420-5b7\section_1\CakeCmsTuto_v0_1_1_github\vendor\cakephp\debug_kit\src\Middleware\DebugKitMiddleware.php(53): Cake\Http\Runner->__invoke(Object(Cake\Http\ServerRequest), Object(Cake\Http\Response))
#36 C:\Ampps39\www\420-5b7\section_1\CakeCmsTuto_v0_1_1_github\vendor\cakephp\cakephp\src\Http\Runner.php(65): DebugKit\Middleware\DebugKitMiddleware->__invoke(Object(Cake\Http\ServerRequest), Object(Cake\Http\Response), Object(Cake\Http\Runner))
#37 C:\Ampps39\www\420-5b7\section_1\CakeCmsTuto_v0_1_1_github\vendor\cakephp\cakephp\src\Http\Runner.php(51): Cake\Http\Runner->__invoke(Object(Cake\Http\ServerRequest), Object(Cake\Http\Response))
#38 C:\Ampps39\www\420-5b7\section_1\CakeCmsTuto_v0_1_1_github\vendor\cakephp\cakephp\src\Http\Server.php(97): Cake\Http\Runner->run(Object(Cake\Http\MiddlewareQueue), Object(Cake\Http\ServerRequest), Object(Cake\Http\Response))
#39 C:\Ampps39\www\420-5b7\section_1\CakeCmsTuto_v0_1_1_github\webroot\index.php(40): Cake\Http\Server->run()
#40 {main}
Request URL: /articles
Referer URL: http://localhost/420-5b7/section_1/CakeCmsTuto_v0_1_1_github/users


2020-09-02 17:46:18 Error: [ParseError] syntax error, unexpected '?>', expecting ')' (C:\Ampps39\www\420-5b7\section_1\CakeCmsTuto_v0_1_1_github\src\Template\Articles\index.ctp:24)
#0 C:\Ampps39\www\420-5b7\section_1\CakeCmsTuto_v0_1_1_github\vendor\cakephp\cakephp\src\View\View.php(1393): Cake\View\View->_evaluate('C:\\Ampps39\\www\\...', Array)
#1 C:\Ampps39\www\420-5b7\section_1\CakeCmsTuto_v0_1_1_github\vendor\cakephp\cakephp\src\View\View.php(892): Cake\View\View->_render('C:\\Ampps39\\www\\...')
#2 C:\Ampps39\www\420-5b7\section_1\CakeCmsTuto_v0_1_1_github\vendor\cakephp\cakephp\src\Controller\Controller.php(791): Cake\View\View->render(NULL, NULL)
#3 C:\Ampps39\www\420-5b7\section_1\CakeCmsTuto_v0_1_1_github\vendor\cakephp\cakephp\src\Http\ActionDispatcher.php(126): Cake\Controller\Controller->render()
#4 C:\Ampps39\www\420-5b7\section_1\CakeCmsTuto_v0_1_1_github\vendor\cakephp\cakephp\src\Http\ActionDispatcher.php(94): Cake\Http\ActionDispatcher->_invoke(Object(App\Controller\ArticlesController))
#5 C:\Ampps39\www\420-5b7\section_1\CakeCmsTuto_v0_1_1_github\vendor\cakephp\cakephp\src\Http\BaseApplication.php(256): Cake\Http\ActionDispatcher->dispatch(Object(Cake\Http\ServerRequest), Object(Cake\Http\Response))
#6 C:\Ampps39\www\420-5b7\section_1\CakeCmsTuto_v0_1_1_github\vendor\cakephp\cakephp\src\Http\Runner.php(65): Cake\Http\BaseApplication->__invoke(Object(Cake\Http\ServerRequest), Object(Cake\Http\Response), Object(Cake\Http\Runner))
#7 C:\Ampps39\www\420-5b7\section_1\CakeCmsTuto_v0_1_1_github\vendor\cakephp\cakephp\src\Http\Runner.php(65): Cake\Http\Runner->__invoke(Object(Cake\Http\ServerRequest), Object(Cake\Http\Response), Object(Cake\Http\Runner))
#8 C:\Ampps39\www\420-5b7\section_1\CakeCmsTuto_v0_1_1_github\vendor\cakephp\cakephp\src\Http\Middleware\CsrfProtectionMiddleware.php(124): Cake\Http\Runner->__invoke(Object(Cake\Http\ServerRequest), Object(Cake\Http\Response))
#9 C:\Ampps39\www\420-5b7\section_1\CakeCmsTuto_v0_1_1_github\vendor\cakephp\cakephp\src\Http\Runner.php(65): Cake\Http\Middleware\CsrfProtectionMiddleware->__invoke(Object(Cake\Http\ServerRequest), Object(Cake\Http\Response), Object(Cake\Http\Runner))
#10 C:\Ampps39\www\420-5b7\section_1\CakeCmsTuto_v0_1_1_github\vendor\cakephp\cakephp\src\Http\Runner.php(51): Cake\Http\Runner->__invoke(Object(Cake\Http\ServerRequest), Object(Cake\Http\Response))
#11 C:\Ampps39\www\420-5b7\section_1\CakeCmsTuto_v0_1_1_github\vendor\cakephp\cakephp\src\Routing\Middleware\RoutingMiddleware.php(170): Cake\Http\Runner->run(Object(Cake\Http\MiddlewareQueue), Object(Cake\Http\ServerRequest), Object(Cake\Http\Response))
#12 C:\Ampps39\www\420-5b7\section_1\CakeCmsTuto_v0_1_1_github\vendor\cakephp\cakephp\src\Http\Runner.php(65): Cake\Routing\Middleware\RoutingMiddleware->__invoke(Object(Cake\Http\ServerRequest), Object(Cake\Http\Response), Object(Cake\Http\Runner))
#13 C:\Ampps39\www\420-5b7\section_1\CakeCmsTuto_v0_1_1_github\vendor\cakephp\cakephp\src\Routing\Middleware\AssetMiddleware.php(88): Cake\Http\Runner->__invoke(Object(Cake\Http\ServerRequest), Object(Cake\Http\Response))
#14 C:\Ampps39\www\420-5b7\section_1\CakeCmsTuto_v0_1_1_github\vendor\cakephp\cakephp\src\Http\Runner.php(65): Cake\Routing\Middleware\AssetMiddleware->__invoke(Object(Cake\Http\ServerRequest), Object(Cake\Http\Response), Object(Cake\Http\Runner))
#15 C:\Ampps39\www\420-5b7\section_1\CakeCmsTuto_v0_1_1_github\vendor\cakephp\cakephp\src\Error\Middleware\ErrorHandlerMiddleware.php(96): Cake\Http\Runner->__invoke(Object(Cake\Http\ServerRequest), Object(Cake\Http\Response))
#16 C:\Ampps39\www\420-5b7\section_1\CakeCmsTuto_v0_1_1_github\vendor\cakephp\cakephp\src\Http\Runner.php(65): Cake\Error\Middleware\ErrorHandlerMiddleware->__invoke(Object(Cake\Http\ServerRequest), Object(Cake\Http\Response), Object(Cake\Http\Runner))
#17 C:\Ampps39\www\420-5b7\section_1\CakeCmsTuto_v0_1_1_github\vendor\cakephp\debug_kit\src\Middleware\DebugKitMiddleware.php(53): Cake\Http\Runner->__invoke(Object(Cake\Http\ServerRequest), Object(Cake\Http\Response))
#18 C:\Ampps39\www\420-5b7\section_1\CakeCmsTuto_v0_1_1_github\vendor\cakephp\cakephp\src\Http\Runner.php(65): DebugKit\Middleware\DebugKitMiddleware->__invoke(Object(Cake\Http\ServerRequest), Object(Cake\Http\Response), Object(Cake\Http\Runner))
#19 C:\Ampps39\www\420-5b7\section_1\CakeCmsTuto_v0_1_1_github\vendor\cakephp\cakephp\src\Http\Runner.php(51): Cake\Http\Runner->__invoke(Object(Cake\Http\ServerRequest), Object(Cake\Http\Response))
#20 C:\Ampps39\www\420-5b7\section_1\CakeCmsTuto_v0_1_1_github\vendor\cakephp\cakephp\src\Http\Server.php(97): Cake\Http\Runner->run(Object(Cake\Http\MiddlewareQueue), Object(Cake\Http\ServerRequest), Object(Cake\Http\Response))
#21 C:\Ampps39\www\420-5b7\section_1\CakeCmsTuto_v0_1_1_github\webroot\index.php(40): Cake\Http\Server->run()
#22 {main}
Request URL: /articles
Referer URL: http://localhost/420-5b7/section_1/CakeCmsTuto_v0_1_1_github/users


2020-09-02 17:47:08 Error: [Cake\Routing\Exception\MissingControllerException] Controller class User could not be found. (C:\Ampps39\www\420-5b7\section_1\CakeCmsTuto_v0_1_1_github\vendor\cakephp\cakephp\src\Http\ControllerFactory.php:105)
Exception Attributes: array (
  'class' => 'User',
  'plugin' => false,
  'prefix' => false,
  '_ext' => false,
)
#0 C:\Ampps39\www\420-5b7\section_1\CakeCmsTuto_v0_1_1_github\vendor\cakephp\cakephp\src\Http\ControllerFactory.php(39): Cake\Http\ControllerFactory->missingController(Object(Cake\Http\ServerRequest))
#1 C:\Ampps39\www\420-5b7\section_1\CakeCmsTuto_v0_1_1_github\vendor\cakephp\cakephp\src\Http\ActionDispatcher.php(91): Cake\Http\ControllerFactory->create(Object(Cake\Http\ServerRequest), Object(Cake\Http\Response))
#2 C:\Ampps39\www\420-5b7\section_1\CakeCmsTuto_v0_1_1_github\vendor\cakephp\cakephp\src\Http\BaseApplication.php(256): Cake\Http\ActionDispatcher->dispatch(Object(Cake\Http\ServerRequest), Object(Cake\Http\Response))
#3 C:\Ampps39\www\420-5b7\section_1\CakeCmsTuto_v0_1_1_github\vendor\cakephp\cakephp\src\Http\Runner.php(65): Cake\Http\BaseApplication->__invoke(Object(Cake\Http\ServerRequest), Object(Cake\Http\Response), Object(Cake\Http\Runner))
#4 C:\Ampps39\www\420-5b7\section_1\CakeCmsTuto_v0_1_1_github\vendor\cakephp\cakephp\src\Http\Runner.php(65): Cake\Http\Runner->__invoke(Object(Cake\Http\ServerRequest), Object(Cake\Http\Response), Object(Cake\Http\Runner))
#5 C:\Ampps39\www\420-5b7\section_1\CakeCmsTuto_v0_1_1_github\vendor\cakephp\cakephp\src\Http\Middleware\CsrfProtectionMiddleware.php(124): Cake\Http\Runner->__invoke(Object(Cake\Http\ServerRequest), Object(Cake\Http\Response))
#6 C:\Ampps39\www\420-5b7\section_1\CakeCmsTuto_v0_1_1_github\vendor\cakephp\cakephp\src\Http\Runner.php(65): Cake\Http\Middleware\CsrfProtectionMiddleware->__invoke(Object(Cake\Http\ServerRequest), Object(Cake\Http\Response), Object(Cake\Http\Runner))
#7 C:\Ampps39\www\420-5b7\section_1\CakeCmsTuto_v0_1_1_github\vendor\cakephp\cakephp\src\Http\Runner.php(51): Cake\Http\Runner->__invoke(Object(Cake\Http\ServerRequest), Object(Cake\Http\Response))
#8 C:\Ampps39\www\420-5b7\section_1\CakeCmsTuto_v0_1_1_github\vendor\cakephp\cakephp\src\Routing\Middleware\RoutingMiddleware.php(170): Cake\Http\Runner->run(Object(Cake\Http\MiddlewareQueue), Object(Cake\Http\ServerRequest), Object(Cake\Http\Response))
#9 C:\Ampps39\www\420-5b7\section_1\CakeCmsTuto_v0_1_1_github\vendor\cakephp\cakephp\src\Http\Runner.php(65): Cake\Routing\Middleware\RoutingMiddleware->__invoke(Object(Cake\Http\ServerRequest), Object(Cake\Http\Response), Object(Cake\Http\Runner))
#10 C:\Ampps39\www\420-5b7\section_1\CakeCmsTuto_v0_1_1_github\vendor\cakephp\cakephp\src\Routing\Middleware\AssetMiddleware.php(88): Cake\Http\Runner->__invoke(Object(Cake\Http\ServerRequest), Object(Cake\Http\Response))
#11 C:\Ampps39\www\420-5b7\section_1\CakeCmsTuto_v0_1_1_github\vendor\cakephp\cakephp\src\Http\Runner.php(65): Cake\Routing\Middleware\AssetMiddleware->__invoke(Object(Cake\Http\ServerRequest), Object(Cake\Http\Response), Object(Cake\Http\Runner))
#12 C:\Ampps39\www\420-5b7\section_1\CakeCmsTuto_v0_1_1_github\vendor\cakephp\cakephp\src\Error\Middleware\ErrorHandlerMiddleware.php(96): Cake\Http\Runner->__invoke(Object(Cake\Http\ServerRequest), Object(Cake\Http\Response))
#13 C:\Ampps39\www\420-5b7\section_1\CakeCmsTuto_v0_1_1_github\vendor\cakephp\cakephp\src\Http\Runner.php(65): Cake\Error\Middleware\ErrorHandlerMiddleware->__invoke(Object(Cake\Http\ServerRequest), Object(Cake\Http\Response), Object(Cake\Http\Runner))
#14 C:\Ampps39\www\420-5b7\section_1\CakeCmsTuto_v0_1_1_github\vendor\cakephp\debug_kit\src\Middleware\DebugKitMiddleware.php(53): Cake\Http\Runner->__invoke(Object(Cake\Http\ServerRequest), Object(Cake\Http\Response))
#15 C:\Ampps39\www\420-5b7\section_1\CakeCmsTuto_v0_1_1_github\vendor\cakephp\cakephp\src\Http\Runner.php(65): DebugKit\Middleware\DebugKitMiddleware->__invoke(Object(Cake\Http\ServerRequest), Object(Cake\Http\Response), Object(Cake\Http\Runner))
#16 C:\Ampps39\www\420-5b7\section_1\CakeCmsTuto_v0_1_1_github\vendor\cakephp\cakephp\src\Http\Runner.php(51): Cake\Http\Runner->__invoke(Object(Cake\Http\ServerRequest), Object(Cake\Http\Response))
#17 C:\Ampps39\www\420-5b7\section_1\CakeCmsTuto_v0_1_1_github\vendor\cakephp\cakephp\src\Http\Server.php(97): Cake\Http\Runner->run(Object(Cake\Http\MiddlewareQueue), Object(Cake\Http\ServerRequest), Object(Cake\Http\Response))
#18 C:\Ampps39\www\420-5b7\section_1\CakeCmsTuto_v0_1_1_github\webroot\index.php(40): Cake\Http\Server->run()
#19 {main}
Request URL: /user/view/2
Referer URL: http://localhost/420-5b7/section_1/CakeCmsTuto_v0_1_1_github/articles


